TN:
SF:/Users/akhan/Desktop/Develop/internet-banking-app/src/polyfills.ts
FNF:0
FNH:0
DA:83,1
DA:84,1
DA:85,1
DA:89,1
DA:90,0
LF:5
LH:4
BRDA:84,0,0,1
BRDA:84,0,1,1
BRDA:89,1,0,0
BRDA:89,1,1,1
BRDA:90,2,0,0
BRDA:90,2,1,0
BRF:6
BRH:3
end_of_record
TN:
SF:/Users/akhan/Desktop/Develop/internet-banking-app/src/test.ts
FNF:0
FNH:0
DA:13,1
DA:18,1
DA:20,1
LF:3
LH:3
BRF:0
BRH:0
end_of_record
TN:
SF:/Users/akhan/Desktop/Develop/internet-banking-app/src/app/app-component.test.data.ts
FNF:0
FNH:0
DA:1,1
DA:8,1
LF:2
LH:2
BRF:0
BRH:0
end_of_record
TN:
SF:/Users/akhan/Desktop/Develop/internet-banking-app/src/app/app.component.ts
FN:20,(anonymous_0)
FN:27,AppComponent
FN:36,(anonymous_2)
FN:47,(anonymous_3)
FN:51,(anonymous_4)
FN:55,(anonymous_5)
FN:59,(anonymous_6)
FN:63,(anonymous_7)
FN:75,(anonymous_10)
FN:76,(anonymous_11)
FN:88,(anonymous_12)
FN:111,(anonymous_13)
FN:112,(anonymous_14)
FN:124,(anonymous_15)
FN:130,(anonymous_16)
FN:142,(anonymous_17)
FN:143,(anonymous_18)
FN:148,(anonymous_19)
FNF:18
FNH:13
FNDA:1,(anonymous_0)
FNDA:5,AppComponent
FNDA:1,(anonymous_2)
FNDA:0,(anonymous_3)
FNDA:0,(anonymous_4)
FNDA:0,(anonymous_5)
FNDA:0,(anonymous_6)
FNDA:0,(anonymous_7)
FNDA:2,(anonymous_10)
FNDA:2,(anonymous_11)
FNDA:4,(anonymous_12)
FNDA:1,(anonymous_13)
FNDA:1,(anonymous_14)
FNDA:1,(anonymous_15)
FNDA:1,(anonymous_16)
FNDA:1,(anonymous_17)
FNDA:1,(anonymous_18)
FNDA:5,(anonymous_19)
DA:20,1
DA:21,5
DA:22,5
DA:23,5
DA:25,5
DA:28,5
DA:29,5
DA:30,5
DA:31,5
DA:32,5
DA:33,5
DA:36,1
DA:37,1
DA:38,1
DA:39,1
DA:40,1
DA:47,2
DA:48,0
DA:51,2
DA:52,0
DA:55,2
DA:56,0
DA:59,2
DA:60,0
DA:63,1
DA:64,0
DA:65,0
DA:66,0
DA:75,2
DA:76,2
DA:77,2
DA:78,2
DA:88,1
DA:90,4
DA:91,2
DA:92,2
DA:93,2
DA:95,2
DA:96,2
DA:98,4
DA:100,4
DA:102,4
DA:111,1
DA:112,1
DA:113,1
DA:115,1
DA:124,1
DA:125,1
DA:126,0
DA:130,1
DA:131,1
DA:132,1
DA:133,1
DA:142,1
DA:143,1
DA:144,1
DA:148,1
DA:149,5
DA:151,1
LF:59
LH:51
BRDA:64,0,0,0
BRDA:64,0,1,0
BRDA:64,1,0,0
BRDA:64,1,1,0
BRDA:90,2,0,2
BRDA:90,2,1,2
BRDA:92,3,0,1
BRDA:92,3,1,1
BRDA:113,4,0,0
BRDA:113,4,1,1
BRDA:125,5,0,0
BRDA:125,5,1,1
BRDA:149,6,0,5
BRDA:149,6,1,0
BRF:14
BRH:7
end_of_record
TN:
SF:/Users/akhan/Desktop/Develop/internet-banking-app/src/app/common/api-endpoints.ts
FNF:0
FNH:0
DA:4,1
DA:11,1
DA:26,1
DA:30,1
DA:32,1
DA:33,1
DA:38,1
DA:47,1
DA:51,1
DA:55,1
DA:57,1
DA:58,1
DA:60,1
DA:62,1
DA:63,1
DA:65,1
DA:71,1
DA:82,1
DA:86,1
DA:92,1
DA:101,1
DA:102,1
DA:107,1
DA:108,1
DA:110,1
DA:121,1
DA:123,1
DA:127,1
LF:28
LH:28
BRF:0
BRH:0
end_of_record
TN:
SF:/Users/akhan/Desktop/Develop/internet-banking-app/src/app/common/ciam-error-mapping.ts
FNF:0
FNH:0
DA:1,1
DA:3,1
DA:83,1
LF:3
LH:3
BRF:0
BRH:0
end_of_record
TN:
SF:/Users/akhan/Desktop/Develop/internet-banking-app/src/app/common/global-constants.ts
FN:16,(anonymous_0)
FN:1016,(anonymous_1)
FNF:2
FNH:2
FNDA:2,(anonymous_0)
FNDA:1,(anonymous_1)
DA:3,1
DA:16,2
DA:17,1
DA:18,1
DA:19,1
DA:20,1
DA:27,1
DA:36,1
DA:43,1
DA:52,1
DA:64,1
DA:100,1
DA:103,1
DA:111,1
DA:121,1
DA:144,1
DA:210,1
DA:211,1
DA:212,1
DA:213,1
DA:215,1
DA:235,1
DA:247,1
DA:248,1
DA:252,1
DA:256,1
DA:261,1
DA:265,1
DA:272,1
DA:277,1
DA:278,1
DA:279,1
DA:299,1
DA:300,1
DA:303,1
DA:304,1
DA:315,1
DA:316,1
DA:318,1
DA:361,1
DA:369,1
DA:383,1
DA:395,1
DA:396,1
DA:408,1
DA:417,1
DA:422,1
DA:446,1
DA:452,1
DA:453,1
DA:454,1
DA:455,1
DA:456,1
DA:457,1
DA:458,1
DA:459,1
DA:460,1
DA:463,1
DA:481,1
DA:484,1
DA:498,1
DA:499,1
DA:500,1
DA:501,1
DA:502,1
DA:503,1
DA:504,1
DA:505,1
DA:506,1
DA:507,1
DA:508,1
DA:509,1
DA:510,1
DA:511,1
DA:512,1
DA:513,1
DA:514,1
DA:515,1
DA:516,1
DA:517,1
DA:518,1
DA:519,1
DA:521,1
DA:522,1
DA:523,1
DA:525,1
DA:548,1
DA:550,1
DA:551,1
DA:560,1
DA:562,1
DA:569,1
DA:580,1
DA:595,1
DA:606,1
DA:615,1
DA:623,1
DA:630,1
DA:641,1
DA:645,1
DA:671,1
DA:678,1
DA:680,1
DA:691,1
DA:706,1
DA:708,1
DA:709,1
DA:710,1
DA:711,1
DA:713,1
DA:718,1
DA:742,1
DA:745,1
DA:778,1
DA:782,1
DA:787,1
DA:788,1
DA:789,1
DA:790,1
DA:791,1
DA:792,1
DA:794,1
DA:799,1
DA:803,1
DA:822,1
DA:827,1
DA:828,1
DA:842,1
DA:843,1
DA:844,1
DA:845,1
DA:846,1
DA:847,1
DA:848,1
DA:849,1
DA:850,1
DA:851,1
DA:855,1
DA:856,1
DA:857,1
DA:862,1
DA:880,1
DA:887,1
DA:888,1
DA:891,1
DA:894,1
DA:896,1
DA:913,1
DA:930,1
DA:931,1
DA:933,1
DA:938,1
DA:951,1
DA:956,1
DA:963,1
DA:970,1
DA:977,1
DA:985,1
DA:993,1
DA:1002,1
DA:1003,1
DA:1004,1
DA:1009,1
DA:1016,1
DA:1017,1
DA:1018,1
DA:1019,1
DA:1021,1
DA:1022,1
DA:1023,1
DA:1039,1
DA:1043,1
DA:1046,1
DA:1054,1
DA:1055,1
DA:1056,1
DA:1057,1
DA:1059,1
DA:1066,1
DA:1075,1
DA:1076,1
DA:1077,1
DA:1078,1
DA:1079,1
DA:1080,1
DA:1081,1
DA:1082,1
DA:1086,1
DA:1091,1
DA:1092,1
DA:1093,1
DA:1094,1
DA:1095,1
DA:1100,1
DA:1102,1
DA:1109,1
DA:1116,1
DA:1124,1
DA:1125,1
DA:1126,1
DA:1127,1
DA:1128,1
DA:1129,1
DA:1130,1
LF:204
LH:204
BRDA:1016,0,0,1
BRDA:1016,0,1,1
BRF:2
BRH:2
end_of_record
TN:
SF:/Users/akhan/Desktop/Develop/internet-banking-app/src/app/common/global-test.data.ts
FNF:0
FNH:0
DA:1,1
DA:5,1
DA:8,1
DA:13,1
DA:25,1
DA:27,1
DA:51,1
DA:70,1
DA:90,1
DA:107,1
DA:127,1
DA:141,1
DA:165,1
DA:170,1
DA:183,1
DA:188,1
DA:197,1
DA:209,1
DA:227,1
DA:243,1
DA:248,1
DA:264,1
DA:268,1
DA:288,1
DA:298,1
DA:307,1
DA:406,1
DA:425,1
DA:443,1
DA:462,1
LF:30
LH:30
BRF:0
BRH:0
end_of_record
TN:
SF:/Users/akhan/Desktop/Develop/internet-banking-app/src/app/common/global.language.translation.ts
FNF:0
FNH:0
DA:1,1
LF:1
LH:1
BRF:0
BRH:0
end_of_record
TN:
SF:/Users/akhan/Desktop/Develop/internet-banking-app/src/app/common/components/account-checkbox/account-checkbox.component.ts
FN:13,(anonymous_0)
FN:24,AccountCheckBoxComponent
FN:28,(anonymous_2)
FN:38,(anonymous_3)
FN:39,(anonymous_4)
FN:44,(anonymous_5)
FN:54,(anonymous_6)
FN:65,(anonymous_7)
FN:74,(anonymous_8)
FNF:9
FNH:9
FNDA:1,(anonymous_0)
FNDA:8,AccountCheckBoxComponent
FNDA:8,(anonymous_2)
FNDA:8,(anonymous_3)
FNDA:8,(anonymous_4)
FNDA:9,(anonymous_5)
FNDA:1,(anonymous_6)
FNDA:9,(anonymous_7)
FNDA:8,(anonymous_8)
DA:13,1
DA:14,9
DA:15,1
DA:16,1
DA:17,9
DA:19,8
DA:21,8
DA:22,8
DA:25,8
DA:28,1
DA:29,8
DA:38,8
DA:39,8
DA:40,8
DA:44,1
DA:45,9
DA:54,1
DA:55,1
DA:56,1
DA:65,1
DA:67,9
DA:68,9
DA:70,0
DA:74,1
DA:75,8
DA:77,1
LF:26
LH:25
BRDA:68,0,0,0
BRDA:68,0,1,9
BRDA:68,1,0,9
BRDA:68,1,1,0
BRDA:68,1,2,0
BRDA:68,1,3,0
BRF:6
BRH:2
end_of_record
TN:
SF:/Users/akhan/Desktop/Develop/internet-banking-app/src/app/common/components/alert-message/alert-message.component.ts
FN:8,(anonymous_0)
FN:11,AlertMessageComponent
FNF:2
FNH:1
FNDA:1,(anonymous_0)
FNDA:0,AlertMessageComponent
DA:8,1
DA:9,1
DA:10,1
DA:12,1
LF:4
LH:4
BRF:0
BRH:0
end_of_record
TN:
SF:/Users/akhan/Desktop/Develop/internet-banking-app/src/app/common/components/auth/cardnumber-atm-step/cardnumber-atm-step.component.ts
FN:13,(anonymous_0)
FN:22,CardnumberAtmStepComponent
FN:24,(anonymous_2)
FN:34,(anonymous_3)
FN:35,(anonymous_4)
FN:51,(anonymous_5)
FN:62,(anonymous_6)
FN:73,(anonymous_7)
FN:83,(anonymous_8)
FN:96,(anonymous_9)
FNF:10
FNH:6
FNDA:1,(anonymous_0)
FNDA:1,CardnumberAtmStepComponent
FNDA:1,(anonymous_2)
FNDA:1,(anonymous_3)
FNDA:1,(anonymous_4)
FNDA:0,(anonymous_5)
FNDA:0,(anonymous_6)
FNDA:2,(anonymous_7)
FNDA:0,(anonymous_8)
FNDA:0,(anonymous_9)
DA:13,1
DA:14,1
DA:15,1
DA:16,1
DA:17,2
DA:18,2
DA:19,2
DA:22,1
DA:24,1
DA:25,1
DA:34,1
DA:35,1
DA:36,1
DA:37,0
DA:39,0
DA:51,1
DA:52,0
DA:53,0
DA:62,1
DA:63,0
DA:64,0
DA:73,1
DA:74,2
DA:83,1
DA:84,0
DA:85,0
DA:86,0
DA:87,0
DA:96,1
DA:97,0
DA:98,0
DA:100,1
LF:32
LH:20
BRDA:36,0,0,0
BRDA:36,0,1,1
BRDA:53,1,0,0
BRDA:53,1,1,0
BRDA:64,2,0,0
BRDA:64,2,1,0
BRDA:74,3,0,0
BRDA:74,3,1,2
BRDA:74,4,0,2
BRDA:74,4,1,0
BRF:10
BRH:3
end_of_record
TN:
SF:/Users/akhan/Desktop/Develop/internet-banking-app/src/app/common/components/auth/registration-success-screen/registration-success-screen.component.ts
FN:12,(anonymous_0)
FN:19,RegistrationSuccessScreenComponent
FN:27,(anonymous_2)
FN:37,(anonymous_3)
FNF:4
FNH:2
FNDA:1,(anonymous_0)
FNDA:2,RegistrationSuccessScreenComponent
FNDA:0,(anonymous_2)
FNDA:0,(anonymous_3)
DA:12,1
DA:13,2
DA:14,2
DA:15,1
DA:16,1
DA:17,1
DA:19,2
DA:27,1
DA:28,0
DA:37,1
DA:38,0
DA:40,1
LF:12
LH:10
BRF:0
BRH:0
end_of_record
TN:
SF:/Users/akhan/Desktop/Develop/internet-banking-app/src/app/common/components/auth/set-password-step/set-password-step.component.ts
FN:15,(anonymous_0)
FN:35,SetPasswordStepComponent
FN:40,(anonymous_2)
FN:44,(anonymous_3)
FN:56,(anonymous_4)
FN:76,(anonymous_5)
FN:98,(anonymous_6)
FN:120,(anonymous_7)
FN:131,(anonymous_8)
FN:142,(anonymous_9)
FNF:10
FNH:4
FNDA:1,(anonymous_0)
FNDA:1,SetPasswordStepComponent
FNDA:1,(anonymous_2)
FNDA:0,(anonymous_3)
FNDA:1,(anonymous_4)
FNDA:0,(anonymous_5)
FNDA:0,(anonymous_6)
FNDA:0,(anonymous_7)
FNDA:0,(anonymous_8)
FNDA:0,(anonymous_9)
DA:15,1
DA:16,2
DA:17,1
DA:26,1
DA:28,1
DA:29,1
DA:31,2
DA:32,2
DA:33,2
DA:36,1
DA:37,1
DA:38,1
DA:40,1
DA:41,1
DA:44,1
DA:45,0
DA:46,0
DA:48,0
DA:56,1
DA:57,1
DA:58,1
DA:66,1
DA:67,1
DA:76,1
DA:77,0
DA:78,0
DA:79,0
DA:80,0
DA:81,0
DA:82,0
DA:83,0
DA:84,0
DA:89,0
DA:98,1
DA:99,0
DA:100,0
DA:101,0
DA:102,0
DA:103,0
DA:108,0
DA:109,0
DA:120,1
DA:121,0
DA:122,0
DA:131,1
DA:132,0
DA:133,0
DA:142,1
DA:143,0
DA:144,0
DA:146,1
LF:51
LH:26
BRDA:45,0,0,0
BRDA:45,0,1,0
BRDA:78,1,0,0
BRDA:78,1,1,0
BRDA:79,2,0,0
BRDA:79,2,1,0
BRDA:80,3,0,0
BRDA:80,3,1,0
BRDA:81,4,0,0
BRDA:81,4,1,0
BRDA:83,5,0,0
BRDA:83,5,1,0
BRDA:83,6,0,0
BRDA:83,6,1,0
BRDA:99,7,0,0
BRDA:99,7,1,0
BRDA:99,8,0,0
BRDA:99,8,1,0
BRDA:102,9,0,0
BRDA:102,9,1,0
BRDA:122,10,0,0
BRDA:122,10,1,0
BRF:22
BRH:0
end_of_record
TN:
SF:/Users/akhan/Desktop/Develop/internet-banking-app/src/app/common/components/card-categories/card-categories.component.ts
FN:15,(anonymous_0)
FN:24,CardCategoriesComponent
FN:25,(anonymous_2)
FN:35,(anonymous_3)
FN:45,(anonymous_4)
FN:46,(anonymous_5)
FNF:6
FNH:5
FNDA:1,(anonymous_0)
FNDA:3,CardCategoriesComponent
FNDA:3,(anonymous_2)
FNDA:0,(anonymous_3)
FNDA:3,(anonymous_4)
FNDA:3,(anonymous_5)
DA:15,1
DA:16,4
DA:17,4
DA:18,1
DA:19,3
DA:20,3
DA:22,3
DA:24,3
DA:25,1
DA:26,3
DA:35,1
DA:36,0
DA:45,3
DA:46,3
DA:47,3
DA:51,1
LF:16
LH:15
BRF:0
BRH:0
end_of_record
TN:
SF:/Users/akhan/Desktop/Develop/internet-banking-app/src/app/common/components/card-sub-categories/card-sub-categories.component.ts
FN:15,(anonymous_0)
FN:25,CardSubCategoriesComponent
FN:33,(anonymous_2)
FN:46,(anonymous_3)
FN:47,(anonymous_4)
FNF:5
FNH:4
FNDA:1,(anonymous_0)
FNDA:1,CardSubCategoriesComponent
FNDA:0,(anonymous_2)
FNDA:1,(anonymous_3)
FNDA:1,(anonymous_4)
DA:15,1
DA:17,2
DA:18,2
DA:19,1
DA:20,1
DA:22,1
DA:23,1
DA:25,1
DA:33,1
DA:34,0
DA:35,0
DA:36,0
DA:37,0
DA:46,1
DA:47,1
DA:48,1
DA:52,1
LF:17
LH:13
BRF:0
BRH:0
end_of_record
TN:
SF:/Users/akhan/Desktop/Develop/internet-banking-app/src/app/common/components/checkbox-beneficiary/checkbox-beneficiary.component.ts
FN:12,(anonymous_0)
FN:24,CheckboxBeneficiaryComponent
FN:28,(anonymous_2)
FN:38,(anonymous_3)
FN:39,(anonymous_4)
FN:50,(anonymous_5)
FN:55,(anonymous_6)
FNF:7
FNH:6
FNDA:1,(anonymous_0)
FNDA:1,CheckboxBeneficiaryComponent
FNDA:1,(anonymous_2)
FNDA:1,(anonymous_3)
FNDA:1,(anonymous_4)
FNDA:0,(anonymous_5)
FNDA:1,(anonymous_6)
DA:12,1
DA:13,2
DA:14,1
DA:15,2
DA:17,1
DA:18,1
DA:19,1
DA:22,1
DA:23,1
DA:25,1
DA:28,1
DA:29,1
DA:38,1
DA:39,1
DA:40,1
DA:50,1
DA:51,0
DA:52,0
DA:55,1
DA:56,1
DA:59,1
LF:21
LH:19
BRF:0
BRH:0
end_of_record
TN:
SF:/Users/akhan/Desktop/Develop/internet-banking-app/src/app/common/components/checkbox-card/checkbox-card.component.ts
FN:13,(anonymous_0)
FN:22,CheckboxCardComponent
FN:26,(anonymous_2)
FN:36,(anonymous_3)
FN:37,(anonymous_4)
FN:48,(anonymous_5)
FN:53,(anonymous_6)
FNF:7
FNH:6
FNDA:1,(anonymous_0)
FNDA:1,CheckboxCardComponent
FNDA:1,(anonymous_2)
FNDA:1,(anonymous_3)
FNDA:1,(anonymous_4)
FNDA:0,(anonymous_5)
FNDA:1,(anonymous_6)
DA:13,1
DA:14,2
DA:15,1
DA:16,1
DA:17,2
DA:18,1
DA:20,1
DA:21,1
DA:23,1
DA:26,1
DA:27,1
DA:36,1
DA:37,1
DA:38,1
DA:48,1
DA:49,0
DA:50,0
DA:53,1
DA:54,1
DA:57,1
LF:20
LH:18
BRF:0
BRH:0
end_of_record
TN:
SF:/Users/akhan/Desktop/Develop/internet-banking-app/src/app/common/components/checkbox-generic/checkbox-generic.component.ts
FN:12,(anonymous_0)
FN:27,CheckboxGenericComponent
FN:30,(anonymous_2)
FN:35,(anonymous_3)
FN:45,(anonymous_4)
FN:59,(anonymous_5)
FN:74,(anonymous_6)
FN:75,(anonymous_7)
FN:80,(anonymous_8)
FNF:9
FNH:9
FNDA:1,(anonymous_0)
FNDA:11,CheckboxGenericComponent
FNDA:11,(anonymous_2)
FNDA:13,(anonymous_3)
FNDA:4,(anonymous_4)
FNDA:13,(anonymous_5)
FNDA:11,(anonymous_6)
FNDA:11,(anonymous_7)
FNDA:11,(anonymous_8)
DA:12,1
DA:13,1
DA:14,1
DA:15,1
DA:16,12
DA:17,1
DA:18,1
DA:19,1
DA:20,1
DA:22,11
DA:25,11
DA:28,11
DA:30,1
DA:31,11
DA:35,1
DA:36,13
DA:45,1
DA:46,4
DA:47,4
DA:48,4
DA:50,4
DA:59,1
DA:61,13
DA:62,13
DA:64,2
DA:74,11
DA:75,11
DA:76,11
DA:80,1
DA:81,11
DA:83,1
LF:31
LH:31
BRDA:48,0,0,1
BRDA:48,0,1,3
BRDA:62,1,0,2
BRDA:62,1,1,11
BRDA:62,2,0,13
BRDA:62,2,1,3
BRDA:62,2,2,3
BRDA:62,2,3,3
BRF:8
BRH:8
end_of_record
TN:
SF:/Users/akhan/Desktop/Develop/internet-banking-app/src/app/common/components/checkbox-generic-charity/checkbox-generic-charity.component.ts
FN:12,(anonymous_0)
FN:24,CheckboxGenericCharityComponent
FN:26,(anonymous_2)
FN:36,(anonymous_3)
FN:48,(anonymous_4)
FN:49,(anonymous_5)
FN:54,(anonymous_6)
FNF:7
FNH:7
FNDA:1,(anonymous_0)
FNDA:3,CheckboxGenericCharityComponent
FNDA:3,(anonymous_2)
FNDA:2,(anonymous_3)
FNDA:3,(anonymous_4)
FNDA:3,(anonymous_5)
FNDA:3,(anonymous_6)
DA:12,1
DA:13,4
DA:14,1
DA:15,4
DA:16,1
DA:17,1
DA:19,3
DA:21,3
DA:24,3
DA:26,1
DA:27,3
DA:36,1
DA:37,2
DA:38,2
DA:39,2
DA:48,3
DA:49,3
DA:50,3
DA:54,1
DA:55,3
DA:57,1
LF:21
LH:21
BRF:0
BRH:0
end_of_record
TN:
SF:/Users/akhan/Desktop/Develop/internet-banking-app/src/app/common/components/checkbox-payee/checkbox-payee.component.ts
FN:12,(anonymous_0)
FN:23,CheckboxPayeeComponent
FN:25,(anonymous_2)
FN:35,(anonymous_3)
FN:46,(anonymous_4)
FN:47,(anonymous_5)
FN:52,(anonymous_6)
FNF:7
FNH:7
FNDA:1,(anonymous_0)
FNDA:3,CheckboxPayeeComponent
FNDA:3,(anonymous_2)
FNDA:1,(anonymous_3)
FNDA:3,(anonymous_4)
FNDA:3,(anonymous_5)
FNDA:3,(anonymous_6)
DA:12,1
DA:13,4
DA:14,1
DA:15,1
DA:16,4
DA:17,3
DA:18,3
DA:20,3
DA:23,3
DA:25,1
DA:26,3
DA:35,1
DA:36,1
DA:37,1
DA:46,3
DA:47,3
DA:48,3
DA:52,1
DA:53,3
DA:55,1
LF:20
LH:20
BRF:0
BRH:0
end_of_record
TN:
SF:/Users/akhan/Desktop/Develop/internet-banking-app/src/app/common/components/checkbox-with-account/checkbox-with-account.component.ts
FN:9,(anonymous_0)
FN:18,CheckboxWithAccountComponent
FN:20,(anonymous_2)
FN:29,(anonymous_3)
FNF:4
FNH:3
FNDA:1,(anonymous_0)
FNDA:3,CheckboxWithAccountComponent
FNDA:3,(anonymous_2)
FNDA:0,(anonymous_3)
DA:9,1
DA:10,1
DA:11,1
DA:12,1
DA:13,1
DA:14,4
DA:20,1
DA:29,1
DA:30,0
DA:31,0
DA:33,1
LF:11
LH:9
BRF:0
BRH:0
end_of_record
TN:
SF:/Users/akhan/Desktop/Develop/internet-banking-app/src/app/common/components/checkbox-with-image/checkbox-with-image.component.ts
FN:12,(anonymous_0)
FN:23,CheckboxWithImageComponent
FN:28,(anonymous_2)
FN:37,(anonymous_3)
FN:51,(anonymous_4)
FN:52,(anonymous_5)
FNF:6
FNH:6
FNDA:1,(anonymous_0)
FNDA:15,CheckboxWithImageComponent
FNDA:15,(anonymous_2)
FNDA:6,(anonymous_3)
FNDA:15,(anonymous_4)
FNDA:15,(anonymous_5)
DA:12,1
DA:13,1
DA:14,1
DA:15,1
DA:16,1
DA:17,16
DA:21,15
DA:24,15
DA:25,15
DA:28,1
DA:29,15
DA:37,1
DA:38,6
DA:39,6
DA:40,6
DA:42,6
DA:51,15
DA:52,15
DA:53,15
DA:56,1
LF:20
LH:20
BRDA:40,0,0,3
BRDA:40,0,1,3
BRF:2
BRH:2
end_of_record
TN:
SF:/Users/akhan/Desktop/Develop/internet-banking-app/src/app/common/components/dialog/dialog.component.ts
FN:20,(anonymous_0)
FN:37,DialogComponent
FN:46,(anonymous_2)
FN:56,(anonymous_3)
FN:74,(anonymous_4)
FN:84,(anonymous_5)
FN:95,(anonymous_6)
FN:111,(anonymous_7)
FN:121,(anonymous_8)
FN:134,(anonymous_9)
FN:150,(anonymous_10)
FN:151,(anonymous_11)
FN:162,(anonymous_12)
FN:183,(anonymous_13)
FN:195,(anonymous_14)
FN:205,(anonymous_15)
FN:215,(anonymous_16)
FN:216,(anonymous_17)
FN:232,(anonymous_18)
FN:237,(anonymous_19)
FN:240,(anonymous_20)
FNF:21
FNH:13
FNDA:1,(anonymous_0)
FNDA:9,DialogComponent
FNDA:9,(anonymous_2)
FNDA:9,(anonymous_3)
FNDA:1,(anonymous_4)
FNDA:5,(anonymous_5)
FNDA:1,(anonymous_6)
FNDA:1,(anonymous_7)
FNDA:1,(anonymous_8)
FNDA:30,(anonymous_9)
FNDA:9,(anonymous_10)
FNDA:9,(anonymous_11)
FNDA:0,(anonymous_12)
FNDA:0,(anonymous_13)
FNDA:0,(anonymous_14)
FNDA:0,(anonymous_15)
FNDA:0,(anonymous_16)
FNDA:0,(anonymous_17)
FNDA:0,(anonymous_18)
FNDA:9,(anonymous_19)
FNDA:0,(anonymous_20)
DA:20,1
DA:21,1
DA:22,9
DA:23,9
DA:24,9
DA:28,9
DA:29,9
DA:30,9
DA:32,9
DA:33,9
DA:38,9
DA:39,9
DA:40,9
DA:41,9
DA:42,9
DA:43,9
DA:44,9
DA:46,1
DA:47,9
DA:56,1
DA:57,9
DA:58,0
DA:59,9
DA:60,0
DA:61,9
DA:62,0
DA:63,9
DA:64,0
DA:74,1
DA:75,1
DA:84,1
DA:85,5
DA:86,5
DA:95,1
DA:96,1
DA:97,0
DA:99,1
DA:111,2
DA:112,1
DA:121,1
DA:122,1
DA:134,1
DA:135,30
DA:136,0
DA:137,30
DA:139,0
DA:141,30
DA:150,9
DA:151,9
DA:152,9
DA:162,1
DA:163,0
DA:164,0
DA:165,0
DA:166,0
DA:167,0
DA:183,1
DA:184,0
DA:185,0
DA:186,0
DA:195,1
DA:196,0
DA:205,1
DA:206,0
DA:215,1
DA:216,0
DA:217,0
DA:218,0
DA:219,0
DA:220,0
DA:221,0
DA:232,1
DA:233,0
DA:234,0
DA:237,1
DA:238,9
DA:239,2
DA:240,2
DA:243,1
LF:79
LH:54
BRDA:57,0,0,0
BRDA:57,0,1,9
BRDA:59,1,0,0
BRDA:59,1,1,9
BRDA:61,2,0,0
BRDA:61,2,1,9
BRDA:63,3,0,0
BRDA:63,3,1,9
BRDA:96,4,0,0
BRDA:96,4,1,1
BRDA:97,5,0,0
BRDA:97,5,1,0
BRDA:123,6,0,0
BRDA:123,6,1,1
BRDA:135,7,0,0
BRDA:135,7,1,30
BRDA:137,8,0,0
BRDA:137,8,1,30
BRDA:137,9,0,30
BRDA:137,9,1,0
BRDA:137,9,2,30
BRDA:137,9,3,0
BRDA:169,10,0,0
BRDA:169,10,1,0
BRDA:196,11,0,0
BRDA:196,11,1,0
BRDA:206,12,0,0
BRDA:206,12,1,0
BRDA:218,13,0,0
BRDA:218,13,1,0
BRDA:238,14,0,2
BRDA:238,14,1,7
BRF:32
BRH:12
end_of_record
TN:
SF:/Users/akhan/Desktop/Develop/internet-banking-app/src/app/common/components/inifnite-scroll/infinite-scroll.component.ts
FN:14,(anonymous_0)
FN:20,InfiniteScrollComponent
FN:22,(anonymous_2)
FN:26,(anonymous_3)
FN:36,(anonymous_4)
FN:42,(anonymous_5)
FN:56,(anonymous_6)
FN:62,(anonymous_7)
FNF:8
FNH:8
FNDA:1,(anonymous_0)
FNDA:3,InfiniteScrollComponent
FNDA:4,(anonymous_2)
FNDA:3,(anonymous_3)
FNDA:3,(anonymous_4)
FNDA:3,(anonymous_5)
FNDA:4,(anonymous_6)
FNDA:3,(anonymous_7)
DA:14,1
DA:15,4
DA:16,1
DA:20,3
DA:22,1
DA:23,4
DA:26,1
DA:27,3
DA:36,3
DA:38,3
DA:42,3
DA:43,3
DA:44,3
DA:48,3
DA:56,1
DA:57,4
DA:58,4
DA:62,1
DA:63,3
DA:65,1
LF:20
LH:20
BRDA:39,0,0,1
BRDA:39,0,1,2
BRDA:43,1,0,3
BRDA:43,1,1,0
BRDA:58,2,0,4
BRDA:58,2,1,3
BRF:6
BRH:5
end_of_record
TN:
SF:/Users/akhan/Desktop/Develop/internet-banking-app/src/app/common/components/input-generic/input-generic.component.ts
FN:12,(anonymous_0)
FN:29,InputGenericComponent
FN:31,(anonymous_2)
FN:35,(anonymous_3)
FN:47,(anonymous_4)
FN:59,(anonymous_5)
FN:94,(anonymous_6)
FN:96,(anonymous_7)
FN:107,(anonymous_8)
FN:121,(anonymous_9)
FN:128,(anonymous_10)
FNF:11
FNH:8
FNDA:1,(anonymous_0)
FNDA:8,InputGenericComponent
FNDA:8,(anonymous_2)
FNDA:7,(anonymous_3)
FNDA:8,(anonymous_4)
FNDA:0,(anonymous_5)
FNDA:7,(anonymous_6)
FNDA:7,(anonymous_7)
FNDA:0,(anonymous_8)
FNDA:0,(anonymous_9)
FNDA:8,(anonymous_10)
DA:12,1
DA:13,8
DA:14,9
DA:15,9
DA:16,9
DA:17,9
DA:18,1
DA:19,9
DA:20,9
DA:21,1
DA:22,9
DA:23,9
DA:24,9
DA:25,8
DA:26,8
DA:27,8
DA:28,8
DA:29,8
DA:31,1
DA:32,8
DA:35,1
DA:36,7
DA:37,7
DA:47,1
DA:48,8
DA:51,8
DA:59,1
DA:61,0
DA:62,0
DA:63,0
DA:64,0
DA:65,0
DA:66,0
DA:67,0
DA:68,0
DA:69,0
DA:70,0
DA:73,0
DA:76,0
DA:77,0
DA:78,0
DA:79,0
DA:81,0
DA:84,0
DA:85,0
DA:94,7
DA:95,7
DA:96,7
DA:97,7
DA:107,1
DA:108,0
DA:109,0
DA:111,0
DA:112,0
DA:121,1
DA:122,0
DA:123,0
DA:124,0
DA:125,0
DA:128,1
DA:129,8
DA:131,1
LF:62
LH:36
BRDA:36,0,0,7
BRDA:36,0,1,0
BRDA:36,1,0,7
BRDA:36,1,1,7
BRDA:51,2,0,1
BRDA:51,2,1,7
BRDA:62,3,0,0
BRDA:62,3,1,0
BRDA:62,4,0,0
BRDA:62,4,1,0
BRDA:64,5,0,0
BRDA:64,5,1,0
BRDA:64,6,0,0
BRDA:64,6,1,0
BRDA:66,7,0,0
BRDA:66,7,1,0
BRDA:66,8,0,0
BRDA:66,8,1,0
BRDA:68,9,0,0
BRDA:68,9,1,0
BRDA:68,10,0,0
BRDA:68,10,1,0
BRDA:69,11,0,0
BRDA:69,11,1,0
BRDA:73,12,0,0
BRDA:73,12,1,0
BRDA:73,13,0,0
BRDA:73,13,1,0
BRDA:73,13,2,0
BRDA:73,13,3,0
BRDA:73,13,4,0
BRDA:73,13,5,0
BRDA:77,14,0,0
BRDA:77,14,1,0
BRDA:77,15,0,0
BRDA:77,15,1,0
BRDA:85,16,0,0
BRDA:85,16,1,0
BRDA:85,17,0,0
BRDA:85,17,1,0
BRDA:95,18,0,0
BRDA:95,18,1,7
BRDA:97,19,0,0
BRDA:97,19,1,7
BRDA:109,20,0,0
BRDA:109,20,1,0
BRDA:109,21,0,0
BRDA:109,21,1,0
BRDA:109,21,2,0
BRDA:122,22,0,0
BRDA:122,22,1,0
BRDA:122,23,0,0
BRDA:122,23,1,0
BRDA:122,23,2,0
BRDA:122,23,3,0
BRF:55
BRH:7
end_of_record
TN:
SF:/Users/akhan/Desktop/Develop/internet-banking-app/src/app/common/components/layout/footer-dashboard/footer-dashboard.component.ts
FN:13,(anonymous_0)
FN:23,FooterDashboardComponent
FN:25,(anonymous_2)
FN:35,(anonymous_3)
FN:36,(anonymous_4)
FN:41,(anonymous_5)
FNF:6
FNH:6
FNDA:1,(anonymous_0)
FNDA:1,FooterDashboardComponent
FNDA:1,(anonymous_2)
FNDA:1,(anonymous_3)
FNDA:1,(anonymous_4)
FNDA:1,(anonymous_5)
DA:13,1
DA:15,1
DA:16,1
DA:17,1
DA:18,1
DA:20,1
DA:21,1
DA:23,1
DA:25,1
DA:26,1
DA:35,1
DA:36,1
DA:37,1
DA:41,1
DA:42,1
DA:44,1
LF:16
LH:16
BRF:0
BRH:0
end_of_record
TN:
SF:/Users/akhan/Desktop/Develop/internet-banking-app/src/app/common/components/layout/header-dashboard/header-dashboard.component.ts
FN:22,(anonymous_0)
FN:41,HeaderDashboardComponent
FN:48,(anonymous_2)
FN:63,(anonymous_3)
FN:64,(anonymous_4)
FN:67,(anonymous_5)
FN:80,(anonymous_6)
FN:98,(anonymous_7)
FN:116,(anonymous_8)
FN:130,(anonymous_9)
FN:131,(anonymous_10)
FN:142,(anonymous_11)
FN:152,(anonymous_12)
FNF:13
FNH:8
FNDA:1,(anonymous_0)
FNDA:2,HeaderDashboardComponent
FNDA:2,(anonymous_2)
FNDA:2,(anonymous_3)
FNDA:0,(anonymous_4)
FNDA:0,(anonymous_5)
FNDA:2,(anonymous_6)
FNDA:0,(anonymous_7)
FNDA:0,(anonymous_8)
FNDA:2,(anonymous_9)
FNDA:2,(anonymous_10)
FNDA:0,(anonymous_11)
FNDA:2,(anonymous_12)
DA:22,1
DA:26,2
DA:32,2
DA:34,2
DA:36,2
DA:37,2
DA:38,2
DA:42,2
DA:43,2
DA:44,2
DA:45,2
DA:46,2
DA:48,1
DA:49,2
DA:50,2
DA:51,2
DA:52,2
DA:53,2
DA:63,2
DA:64,2
DA:65,0
DA:67,2
DA:68,0
DA:70,2
DA:80,1
DA:82,2
DA:83,2
DA:84,2
DA:86,2
DA:87,2
DA:88,2
DA:98,1
DA:99,0
DA:100,0
DA:101,0
DA:102,0
DA:104,0
DA:105,0
DA:106,0
DA:116,1
DA:117,0
DA:118,0
DA:119,0
DA:121,0
DA:130,2
DA:131,2
DA:132,2
DA:142,1
DA:143,0
DA:144,0
DA:145,0
DA:146,0
DA:147,0
DA:148,0
DA:152,1
DA:153,2
DA:155,1
LF:57
LH:38
BRDA:99,0,0,0
BRDA:99,0,1,0
BRDA:99,1,0,0
BRDA:99,1,1,0
BRDA:119,2,0,0
BRDA:119,2,1,0
BRDA:143,3,0,0
BRDA:143,3,1,0
BRDA:145,4,0,0
BRDA:145,4,1,0
BRDA:147,5,0,0
BRDA:147,5,1,0
BRF:12
BRH:0
end_of_record
TN:
SF:/Users/akhan/Desktop/Develop/internet-banking-app/src/app/common/components/layout/header-login-and-registration/header-login-and-registration.component.ts
FN:12,(anonymous_0)
FN:18,HeaderLoginAndRegistrationComponent
FN:22,(anonymous_2)
FN:32,(anonymous_3)
FN:33,(anonymous_4)
FN:46,(anonymous_5)
FN:54,(anonymous_6)
FNF:7
FNH:6
FNDA:1,(anonymous_0)
FNDA:4,HeaderLoginAndRegistrationComponent
FNDA:4,(anonymous_2)
FNDA:8,(anonymous_3)
FNDA:8,(anonymous_4)
FNDA:0,(anonymous_5)
FNDA:4,(anonymous_6)
DA:12,1
DA:13,4
DA:14,4
DA:16,4
DA:17,4
DA:19,4
DA:20,4
DA:22,1
DA:23,4
DA:32,8
DA:33,8
DA:34,8
DA:35,8
DA:46,1
DA:47,0
DA:48,0
DA:49,0
DA:51,0
DA:54,1
DA:55,4
DA:57,1
LF:21
LH:17
BRDA:35,0,0,0
BRDA:35,0,1,8
BRDA:49,1,0,0
BRDA:49,1,1,0
BRF:4
BRH:1
end_of_record
TN:
SF:/Users/akhan/Desktop/Develop/internet-banking-app/src/app/common/components/layout/loader/loader.component.ts
FN:10,(anonymous_0)
FN:13,LoaderComponent
FN:15,(anonymous_2)
FNF:3
FNH:3
FNDA:1,(anonymous_0)
FNDA:6,LoaderComponent
FNDA:2,(anonymous_2)
DA:10,1
DA:15,1
DA:16,2
DA:24,1
LF:4
LH:4
BRF:0
BRH:0
end_of_record
TN:
SF:/Users/akhan/Desktop/Develop/internet-banking-app/src/app/common/components/layout/sidebar/sidebar.component.ts
FN:17,(anonymous_0)
FN:27,SidebarComponent
FN:33,(anonymous_2)
FN:35,(anonymous_3)
FN:48,(anonymous_4)
FN:63,(anonymous_5)
FN:64,(anonymous_6)
FN:75,(anonymous_7)
FN:76,(anonymous_8)
FN:87,(anonymous_9)
FN:97,(anonymous_10)
FNF:11
FNH:8
FNDA:1,(anonymous_0)
FNDA:2,SidebarComponent
FNDA:2,(anonymous_2)
FNDA:0,(anonymous_3)
FNDA:1,(anonymous_4)
FNDA:2,(anonymous_5)
FNDA:0,(anonymous_6)
FNDA:2,(anonymous_7)
FNDA:2,(anonymous_8)
FNDA:0,(anonymous_9)
FNDA:2,(anonymous_10)
DA:17,1
DA:18,2
DA:19,2
DA:22,2
DA:23,2
DA:26,1
DA:28,2
DA:29,2
DA:30,2
DA:31,2
DA:33,2
DA:34,2
DA:36,0
DA:38,2
DA:39,2
DA:48,1
DA:49,1
DA:50,1
DA:51,1
DA:63,2
DA:64,2
DA:65,0
DA:75,2
DA:76,2
DA:77,2
DA:87,1
DA:88,0
DA:89,0
DA:90,0
DA:91,0
DA:92,0
DA:93,0
DA:97,1
DA:98,2
DA:100,1
LF:35
LH:27
BRDA:49,0,0,1
BRDA:49,0,1,0
BRDA:51,1,0,0
BRDA:51,1,1,1
BRDA:88,2,0,0
BRDA:88,2,1,0
BRDA:90,3,0,0
BRDA:90,3,1,0
BRDA:92,4,0,0
BRDA:92,4,1,0
BRF:10
BRH:2
end_of_record
TN:
SF:/Users/akhan/Desktop/Develop/internet-banking-app/src/app/common/components/marketing-banner/marketing-banner.component.ts
FN:13,(anonymous_0)
FN:19,MarketingBannerComponent
FN:21,(anonymous_2)
FN:31,(anonymous_3)
FN:32,(anonymous_4)
FN:37,(anonymous_5)
FNF:6
FNH:6
FNDA:1,(anonymous_0)
FNDA:27,MarketingBannerComponent
FNDA:27,(anonymous_2)
FNDA:27,(anonymous_3)
FNDA:27,(anonymous_4)
FNDA:27,(anonymous_5)
DA:13,1
DA:16,27
DA:17,27
DA:19,27
DA:21,1
DA:22,27
DA:31,27
DA:32,27
DA:33,27
DA:37,1
DA:38,27
DA:40,1
LF:12
LH:12
BRF:0
BRH:0
end_of_record
TN:
SF:/Users/akhan/Desktop/Develop/internet-banking-app/src/app/common/components/menu-option/menu-option.component.ts
FN:17,(anonymous_0)
FN:25,MenuOptionComponent
FN:27,(anonymous_2)
FN:37,(anonymous_3)
FN:54,(anonymous_4)
FN:55,(anonymous_5)
FN:66,(anonymous_6)
FNF:7
FNH:5
FNDA:1,(anonymous_0)
FNDA:8,MenuOptionComponent
FNDA:8,(anonymous_2)
FNDA:0,(anonymous_3)
FNDA:8,(anonymous_4)
FNDA:8,(anonymous_5)
FNDA:0,(anonymous_6)
DA:17,1
DA:18,1
DA:19,1
DA:20,1
DA:21,9
DA:22,8
DA:25,8
DA:27,1
DA:28,8
DA:37,1
DA:38,0
DA:39,0
DA:42,0
DA:43,0
DA:44,0
DA:54,8
DA:55,8
DA:56,8
DA:66,1
DA:67,0
DA:68,0
DA:69,0
DA:75,1
LF:23
LH:15
BRDA:42,0,0,0
BRDA:42,0,1,0
BRDA:67,1,0,0
BRDA:67,1,1,0
BRDA:70,2,0,0
BRDA:70,2,1,0
BRF:6
BRH:0
end_of_record
TN:
SF:/Users/akhan/Desktop/Develop/internet-banking-app/src/app/common/components/money-transfer/money-transfer.component.ts
FN:21,(anonymous_0)
FN:37,MoneyTransferComponent
FN:39,(anonymous_2)
FN:51,(anonymous_3)
FN:52,(anonymous_4)
FN:63,(anonymous_5)
FN:65,(anonymous_6)
FN:76,(anonymous_7)
FN:85,(anonymous_8)
FN:87,(anonymous_9)
FN:104,(anonymous_10)
FN:106,(anonymous_11)
FN:118,(anonymous_12)
FN:128,(anonymous_13)
FNF:14
FNH:9
FNDA:1,(anonymous_0)
FNDA:1,MoneyTransferComponent
FNDA:1,(anonymous_2)
FNDA:1,(anonymous_3)
FNDA:1,(anonymous_4)
FNDA:0,(anonymous_5)
FNDA:0,(anonymous_6)
FNDA:1,(anonymous_7)
FNDA:1,(anonymous_8)
FNDA:1,(anonymous_9)
FNDA:0,(anonymous_10)
FNDA:0,(anonymous_11)
FNDA:0,(anonymous_12)
FNDA:1,(anonymous_13)
DA:21,1
DA:22,1
DA:23,1
DA:24,1
DA:25,1
DA:26,1
DA:27,1
DA:28,1
DA:29,2
DA:31,1
DA:33,1
DA:35,1
DA:37,1
DA:39,1
DA:40,1
DA:41,1
DA:42,1
DA:51,1
DA:52,1
DA:53,1
DA:63,1
DA:64,0
DA:65,0
DA:66,0
DA:76,1
DA:77,1
DA:85,1
DA:86,1
DA:87,1
DA:88,1
DA:89,0
DA:90,0
DA:91,1
DA:92,0
DA:93,0
DA:104,1
DA:105,0
DA:106,0
DA:107,0
DA:108,0
DA:118,1
DA:119,0
DA:120,0
DA:121,0
DA:122,0
DA:123,0
DA:124,0
DA:125,0
DA:128,1
DA:129,1
DA:131,1
LF:51
LH:33
BRDA:66,0,0,0
BRDA:66,0,1,0
BRDA:77,1,0,0
BRDA:77,1,1,1
BRDA:88,2,0,0
BRDA:88,2,1,1
BRDA:88,3,0,1
BRDA:88,3,1,1
BRDA:91,4,0,0
BRDA:91,4,1,1
BRDA:91,5,0,1
BRDA:91,5,1,1
BRDA:107,6,0,0
BRDA:107,6,1,0
BRF:14
BRH:7
end_of_record
TN:
SF:/Users/akhan/Desktop/Develop/internet-banking-app/src/app/common/components/money-transfer/money-transfer-confirm-step/money-transfer-confirm-step.component.ts
FN:24,(anonymous_0)
FN:42,MoneyTransferConfirmStepComponent
FN:50,(anonymous_2)
FN:63,(anonymous_3)
FN:64,(anonymous_4)
FN:75,(anonymous_5)
FN:76,(anonymous_6)
FN:94,(anonymous_7)
FN:95,(anonymous_8)
FN:106,(anonymous_9)
FN:127,(anonymous_10)
FN:132,(anonymous_11)
FN:149,(anonymous_12)
FN:150,(anonymous_13)
FN:165,(anonymous_14)
FN:167,(anonymous_15)
FN:179,(anonymous_16)
FN:180,(anonymous_17)
FN:198,(anonymous_18)
FN:208,(anonymous_19)
FN:220,(anonymous_20)
FN:224,(anonymous_21)
FN:241,(anonymous_22)
FN:244,(anonymous_23)
FN:248,(anonymous_24)
FN:268,(anonymous_25)
FN:269,(anonymous_26)
FN:271,(anonymous_27)
FN:291,(anonymous_28)
FN:292,(anonymous_29)
FN:303,(anonymous_30)
FN:311,(anonymous_31)
FN:326,(anonymous_32)
FN:342,(anonymous_33)
FN:364,(anonymous_34)
FN:417,(anonymous_35)
FN:423,(anonymous_36)
FN:425,(anonymous_37)
FN:443,(anonymous_38)
FNF:39
FNH:12
FNDA:1,(anonymous_0)
FNDA:2,MoneyTransferConfirmStepComponent
FNDA:2,(anonymous_2)
FNDA:2,(anonymous_3)
FNDA:2,(anonymous_4)
FNDA:2,(anonymous_5)
FNDA:2,(anonymous_6)
FNDA:2,(anonymous_7)
FNDA:2,(anonymous_8)
FNDA:0,(anonymous_9)
FNDA:0,(anonymous_10)
FNDA:0,(anonymous_11)
FNDA:0,(anonymous_12)
FNDA:0,(anonymous_13)
FNDA:0,(anonymous_14)
FNDA:0,(anonymous_15)
FNDA:2,(anonymous_16)
FNDA:2,(anonymous_17)
FNDA:0,(anonymous_18)
FNDA:0,(anonymous_19)
FNDA:0,(anonymous_20)
FNDA:0,(anonymous_21)
FNDA:0,(anonymous_22)
FNDA:0,(anonymous_23)
FNDA:0,(anonymous_24)
FNDA:0,(anonymous_25)
FNDA:0,(anonymous_26)
FNDA:0,(anonymous_27)
FNDA:0,(anonymous_28)
FNDA:0,(anonymous_29)
FNDA:0,(anonymous_30)
FNDA:0,(anonymous_31)
FNDA:0,(anonymous_32)
FNDA:0,(anonymous_33)
FNDA:0,(anonymous_34)
FNDA:0,(anonymous_35)
FNDA:0,(anonymous_36)
FNDA:0,(anonymous_37)
FNDA:2,(anonymous_38)
DA:24,1
DA:25,2
DA:27,2
DA:35,2
DA:37,2
DA:38,2
DA:39,2
DA:41,2
DA:43,2
DA:44,2
DA:45,2
DA:46,2
DA:47,2
DA:50,1
DA:51,2
DA:52,2
DA:53,2
DA:54,2
DA:63,2
DA:64,2
DA:65,2
DA:75,2
DA:76,2
DA:77,2
DA:78,0
DA:79,0
DA:80,0
DA:81,0
DA:83,0
DA:94,2
DA:95,2
DA:96,2
DA:106,1
DA:107,0
DA:108,0
DA:109,0
DA:110,0
DA:111,0
DA:112,0
DA:113,0
DA:114,0
DA:115,0
DA:116,0
DA:117,0
DA:127,1
DA:129,0
DA:130,0
DA:133,0
DA:134,0
DA:136,0
DA:137,0
DA:138,0
DA:149,1
DA:150,0
DA:151,0
DA:152,0
DA:153,0
DA:154,0
DA:165,1
DA:166,0
DA:167,0
DA:169,0
DA:179,2
DA:180,2
DA:181,2
DA:182,0
DA:183,0
DA:187,0
DA:198,1
DA:199,0
DA:208,1
DA:209,0
DA:210,0
DA:211,0
DA:220,1
DA:222,0
DA:223,0
DA:225,0
DA:226,0
DA:228,0
DA:229,0
DA:230,0
DA:241,1
DA:243,0
DA:244,0
DA:246,0
DA:247,0
DA:249,0
DA:250,0
DA:252,0
DA:253,0
DA:254,0
DA:268,1
DA:269,0
DA:270,0
DA:271,0
DA:272,0
DA:273,0
DA:275,0
DA:276,0
DA:277,0
DA:291,1
DA:292,0
DA:293,0
DA:303,1
DA:304,0
DA:305,0
DA:306,0
DA:307,0
DA:308,0
DA:310,0
DA:311,0
DA:312,0
DA:313,0
DA:314,0
DA:326,1
DA:327,0
DA:342,1
DA:343,0
DA:344,0
DA:345,0
DA:347,0
DA:348,0
DA:350,0
DA:351,0
DA:352,0
DA:353,0
DA:354,0
DA:364,1
DA:365,0
DA:366,0
DA:367,0
DA:368,0
DA:369,0
DA:370,0
DA:371,0
DA:372,0
DA:374,0
DA:375,0
DA:376,0
DA:377,0
DA:378,0
DA:379,0
DA:380,0
DA:381,0
DA:383,0
DA:384,0
DA:385,0
DA:386,0
DA:389,0
DA:390,0
DA:391,0
DA:392,0
DA:395,0
DA:396,0
DA:397,0
DA:398,0
DA:399,0
DA:400,0
DA:401,0
DA:402,0
DA:403,0
DA:404,0
DA:406,0
DA:407,0
DA:408,0
DA:417,1
DA:418,0
DA:419,0
DA:420,0
DA:421,0
DA:422,0
DA:423,0
DA:424,0
DA:425,0
DA:427,0
DA:437,0
DA:443,1
DA:444,2
DA:447,1
LF:180
LH:48
BRDA:77,0,0,0
BRDA:77,0,1,2
BRDA:96,1,0,0
BRDA:96,1,1,2
BRDA:109,2,0,0
BRDA:109,2,1,0
BRDA:112,3,0,0
BRDA:112,3,1,0
BRDA:113,4,0,0
BRDA:113,4,1,0
BRDA:115,5,0,0
BRDA:115,5,1,0
BRDA:133,6,0,0
BRDA:133,6,1,0
BRDA:151,7,0,0
BRDA:151,7,1,0
BRDA:166,8,0,0
BRDA:166,8,1,0
BRDA:166,9,0,0
BRDA:166,9,1,0
BRDA:181,10,0,0
BRDA:181,10,1,2
BRDA:185,11,0,0
BRDA:185,11,1,0
BRDA:183,12,0,0
BRDA:183,12,1,0
BRDA:225,13,0,0
BRDA:225,13,1,0
BRDA:246,14,0,0
BRDA:246,14,1,0
BRDA:249,15,0,0
BRDA:249,15,1,0
BRDA:270,16,0,0
BRDA:270,16,1,0
BRDA:272,17,0,0
BRDA:272,17,1,0
BRDA:304,18,0,0
BRDA:304,18,1,0
BRDA:306,19,0,0
BRDA:306,19,1,0
BRDA:307,20,0,0
BRDA:307,20,1,0
BRDA:313,21,0,0
BRDA:313,21,1,0
BRDA:313,22,0,0
BRDA:313,22,1,0
BRDA:328,23,0,0
BRDA:328,23,1,0
BRDA:328,23,2,0
BRDA:328,23,3,0
BRDA:344,24,0,0
BRDA:344,24,1,0
BRDA:347,25,0,0
BRDA:347,25,1,0
BRDA:347,26,0,0
BRDA:347,26,1,0
BRDA:352,27,0,0
BRDA:352,27,1,0
BRDA:381,28,0,0
BRDA:381,28,1,0
BRDA:388,29,0,0
BRDA:388,29,1,0
BRDA:386,30,0,0
BRDA:386,30,1,0
BRDA:394,31,0,0
BRDA:394,31,1,0
BRDA:392,32,0,0
BRDA:392,32,1,0
BRDA:401,33,0,0
BRDA:401,33,1,0
BRDA:401,34,0,0
BRDA:401,34,1,0
BRDA:403,35,0,0
BRDA:403,35,1,0
BRDA:403,36,0,0
BRDA:403,36,1,0
BRDA:424,37,0,0
BRDA:424,37,1,0
BRDA:431,38,0,0
BRDA:431,38,1,0
BRDA:429,39,0,0
BRDA:429,39,1,0
BRDA:434,40,0,0
BRDA:434,40,1,0
BRDA:432,41,0,0
BRDA:432,41,1,0
BRDA:436,42,0,0
BRDA:436,42,1,0
BRF:88
BRH:3
end_of_record
TN:
SF:/Users/akhan/Desktop/Develop/internet-banking-app/src/app/common/components/money-transfer/money-transfer-confirm-step/international-summary/international-summary.component.ts
FN:25,(anonymous_0)
FN:39,InternationalTransferSummaryComponent
FN:46,(anonymous_2)
FN:57,(anonymous_3)
FN:58,(anonymous_4)
FN:69,(anonymous_5)
FN:71,(anonymous_6)
FN:87,(anonymous_7)
FN:91,(anonymous_8)
FN:111,(anonymous_9)
FN:122,(anonymous_10)
FN:157,(anonymous_11)
FN:191,(anonymous_12)
FN:207,(anonymous_13)
FN:217,(anonymous_14)
FN:220,(anonymous_15)
FN:239,(anonymous_16)
FN:240,(anonymous_17)
FN:253,(anonymous_18)
FN:255,(anonymous_19)
FN:269,(anonymous_20)
FN:283,(anonymous_21)
FN:327,(anonymous_22)
FN:333,(anonymous_23)
FN:335,(anonymous_24)
FN:348,(anonymous_25)
FNF:26
FNH:8
FNDA:1,(anonymous_0)
FNDA:1,InternationalTransferSummaryComponent
FNDA:1,(anonymous_2)
FNDA:1,(anonymous_3)
FNDA:1,(anonymous_4)
FNDA:1,(anonymous_5)
FNDA:1,(anonymous_6)
FNDA:0,(anonymous_7)
FNDA:0,(anonymous_8)
FNDA:0,(anonymous_9)
FNDA:0,(anonymous_10)
FNDA:0,(anonymous_11)
FNDA:0,(anonymous_12)
FNDA:0,(anonymous_13)
FNDA:0,(anonymous_14)
FNDA:0,(anonymous_15)
FNDA:0,(anonymous_16)
FNDA:0,(anonymous_17)
FNDA:0,(anonymous_18)
FNDA:0,(anonymous_19)
FNDA:0,(anonymous_20)
FNDA:0,(anonymous_21)
FNDA:0,(anonymous_22)
FNDA:0,(anonymous_23)
FNDA:0,(anonymous_24)
FNDA:1,(anonymous_25)
DA:25,1
DA:26,1
DA:32,1
DA:33,1
DA:34,1
DA:35,1
DA:38,1
DA:40,1
DA:41,1
DA:42,1
DA:43,1
DA:44,1
DA:46,1
DA:47,1
DA:48,1
DA:57,1
DA:58,1
DA:59,1
DA:69,1
DA:70,1
DA:71,1
DA:72,1
DA:75,0
DA:76,0
DA:77,0
DA:87,1
DA:88,0
DA:89,0
DA:90,0
DA:91,0
DA:92,0
DA:93,0
DA:95,0
DA:96,0
DA:98,0
DA:100,0
DA:111,1
DA:112,0
DA:113,0
DA:122,1
DA:123,0
DA:124,0
DA:125,0
DA:126,0
DA:128,0
DA:129,0
DA:131,0
DA:133,0
DA:135,0
DA:137,0
DA:139,0
DA:141,0
DA:143,0
DA:145,0
DA:147,0
DA:157,1
DA:158,0
DA:159,0
DA:161,0
DA:163,0
DA:165,0
DA:167,0
DA:169,0
DA:171,0
DA:173,0
DA:175,0
DA:177,0
DA:179,0
DA:181,0
DA:191,1
DA:192,0
DA:193,0
DA:195,0
DA:197,0
DA:207,1
DA:208,0
DA:217,1
DA:218,0
DA:220,0
DA:221,0
DA:222,0
DA:223,0
DA:224,0
DA:225,0
DA:226,0
DA:227,0
DA:228,0
DA:239,1
DA:240,0
DA:241,0
DA:242,0
DA:243,0
DA:253,1
DA:254,0
DA:255,0
DA:257,0
DA:259,0
DA:269,1
DA:270,0
DA:271,0
DA:272,0
DA:273,0
DA:283,1
DA:284,0
DA:285,0
DA:286,0
DA:287,0
DA:288,0
DA:289,0
DA:290,0
DA:291,0
DA:292,0
DA:293,0
DA:294,0
DA:295,0
DA:296,0
DA:297,0
DA:298,0
DA:299,0
DA:300,0
DA:301,0
DA:302,0
DA:303,0
DA:304,0
DA:305,0
DA:306,0
DA:307,0
DA:308,0
DA:309,0
DA:310,0
DA:311,0
DA:312,0
DA:313,0
DA:314,0
DA:315,0
DA:316,0
DA:317,0
DA:318,0
DA:327,1
DA:328,0
DA:329,0
DA:330,0
DA:331,0
DA:332,0
DA:333,0
DA:334,0
DA:335,0
DA:337,0
DA:342,0
DA:348,1
DA:349,1
DA:351,1
LF:152
LH:37
BRDA:72,0,0,0
BRDA:72,0,1,1
BRDA:72,1,0,1
BRDA:72,1,1,1
BRDA:72,1,2,1
BRDA:92,2,0,0
BRDA:92,2,1,0
BRDA:221,3,0,0
BRDA:221,3,1,0
BRDA:221,4,0,0
BRDA:221,4,1,0
BRDA:254,5,0,0
BRDA:254,5,1,0
BRDA:254,6,0,0
BRDA:254,6,1,0
BRDA:272,7,0,0
BRDA:272,7,1,0
BRDA:334,8,0,0
BRDA:334,8,1,0
BRF:19
BRH:4
end_of_record
TN:
SF:/Users/akhan/Desktop/Develop/internet-banking-app/src/app/common/components/money-transfer/money-transfer-details-step/money-transfer-details-step.component.ts
FN:20,(anonymous_0)
FN:42,MoneyTransferDetailsStepComponent
FN:47,(anonymous_2)
FN:61,(anonymous_3)
FN:62,(anonymous_4)
FN:73,(anonymous_5)
FN:74,(anonymous_6)
FN:89,(anonymous_7)
FN:91,(anonymous_8)
FN:117,(anonymous_9)
FN:118,(anonymous_10)
FN:134,(anonymous_11)
FN:147,(anonymous_12)
FN:174,(anonymous_13)
FN:204,(anonymous_14)
FN:223,(anonymous_15)
FN:235,(anonymous_16)
FN:245,(anonymous_17)
FN:260,(anonymous_18)
FN:281,(anonymous_19)
FN:293,(anonymous_20)
FN:324,(anonymous_21)
FN:328,(anonymous_22)
FN:347,(anonymous_23)
FN:371,(anonymous_24)
FN:386,(anonymous_25)
FN:405,(anonymous_26)
FNF:27
FNH:13
FNDA:1,(anonymous_0)
FNDA:1,MoneyTransferDetailsStepComponent
FNDA:1,(anonymous_2)
FNDA:1,(anonymous_3)
FNDA:1,(anonymous_4)
FNDA:1,(anonymous_5)
FNDA:1,(anonymous_6)
FNDA:1,(anonymous_7)
FNDA:1,(anonymous_8)
FNDA:1,(anonymous_9)
FNDA:1,(anonymous_10)
FNDA:1,(anonymous_11)
FNDA:0,(anonymous_12)
FNDA:0,(anonymous_13)
FNDA:0,(anonymous_14)
FNDA:0,(anonymous_15)
FNDA:0,(anonymous_16)
FNDA:0,(anonymous_17)
FNDA:0,(anonymous_18)
FNDA:0,(anonymous_19)
FNDA:0,(anonymous_20)
FNDA:0,(anonymous_21)
FNDA:0,(anonymous_22)
FNDA:0,(anonymous_23)
FNDA:0,(anonymous_24)
FNDA:0,(anonymous_25)
FNDA:1,(anonymous_26)
DA:20,1
DA:22,1
DA:23,1
DA:24,1
DA:26,1
DA:27,1
DA:28,1
DA:30,1
DA:32,1
DA:34,1
DA:40,1
DA:43,1
DA:44,1
DA:45,1
DA:47,1
DA:48,1
DA:49,1
DA:50,1
DA:51,1
DA:52,1
DA:61,1
DA:62,1
DA:63,1
DA:73,1
DA:74,1
DA:75,1
DA:76,0
DA:77,0
DA:89,1
DA:90,1
DA:92,1
DA:93,0
DA:97,0
DA:98,0
DA:99,0
DA:101,0
DA:102,0
DA:104,0
DA:106,0
DA:117,1
DA:118,1
DA:119,1
DA:120,0
DA:121,0
DA:123,1
DA:134,1
DA:135,1
DA:147,1
DA:148,0
DA:150,0
DA:153,0
DA:156,0
DA:157,0
DA:158,0
DA:159,0
DA:160,0
DA:161,0
DA:163,0
DA:164,0
DA:174,1
DA:175,0
DA:176,0
DA:178,0
DA:181,0
DA:182,0
DA:186,0
DA:191,0
DA:195,0
DA:204,1
DA:205,0
DA:206,0
DA:207,0
DA:208,0
DA:209,0
DA:211,0
DA:214,0
DA:223,1
DA:224,0
DA:225,0
DA:235,1
DA:236,0
DA:245,1
DA:246,0
DA:247,0
DA:248,0
DA:250,0
DA:260,1
DA:261,0
DA:263,0
DA:264,0
DA:265,0
DA:267,0
DA:268,0
DA:270,0
DA:271,0
DA:281,1
DA:282,0
DA:283,0
DA:284,0
DA:293,1
DA:294,0
DA:295,0
DA:296,0
DA:297,0
DA:301,0
DA:302,0
DA:303,0
DA:304,0
DA:308,0
DA:309,0
DA:310,0
DA:311,0
DA:312,0
DA:324,1
DA:325,0
DA:327,0
DA:328,0
DA:329,0
DA:330,0
DA:332,0
DA:333,0
DA:334,0
DA:335,0
DA:347,1
DA:348,0
DA:349,0
DA:350,0
DA:351,0
DA:355,0
DA:360,0
DA:361,0
DA:371,1
DA:372,0
DA:373,0
DA:374,0
DA:375,0
DA:376,0
DA:386,1
DA:388,0
DA:389,0
DA:392,0
DA:396,0
DA:398,0
DA:400,0
DA:405,1
DA:406,1
DA:407,1
DA:408,1
DA:411,1
LF:149
LH:53
BRDA:75,0,0,0
BRDA:75,0,1,1
BRDA:92,1,0,0
BRDA:92,1,1,1
BRDA:93,2,0,0
BRDA:93,2,1,0
BRDA:93,3,0,0
BRDA:93,3,1,0
BRDA:93,3,2,0
BRDA:119,4,0,0
BRDA:119,4,1,1
BRDA:148,5,0,0
BRDA:148,5,1,0
BRDA:148,6,0,0
BRDA:148,6,1,0
BRDA:152,7,0,0
BRDA:152,7,1,0
BRDA:150,8,0,0
BRDA:150,8,1,0
BRDA:154,9,0,0
BRDA:154,9,1,0
BRDA:157,10,0,0
BRDA:157,10,1,0
BRDA:159,11,0,0
BRDA:159,11,1,0
BRDA:160,12,0,0
BRDA:160,12,1,0
BRDA:160,13,0,0
BRDA:160,13,1,0
BRDA:180,14,0,0
BRDA:180,14,1,0
BRDA:178,15,0,0
BRDA:178,15,1,0
BRDA:181,16,0,0
BRDA:181,16,1,0
BRDA:184,17,0,0
BRDA:184,17,1,0
BRDA:188,18,0,0
BRDA:188,18,1,0
BRDA:192,19,0,0
BRDA:192,19,1,0
BRDA:206,20,0,0
BRDA:206,20,1,0
BRDA:207,21,0,0
BRDA:207,21,1,0
BRDA:207,22,0,0
BRDA:207,22,1,0
BRDA:209,23,0,0
BRDA:209,23,1,0
BRDA:209,24,0,0
BRDA:209,24,1,0
BRDA:224,25,0,0
BRDA:224,25,1,0
BRDA:246,26,0,0
BRDA:246,26,1,0
BRDA:246,27,0,0
BRDA:246,27,1,0
BRDA:248,28,0,0
BRDA:248,28,1,0
BRDA:251,29,0,0
BRDA:251,29,1,0
BRDA:261,30,0,0
BRDA:261,30,1,0
BRDA:261,31,0,0
BRDA:261,31,1,0
BRDA:265,32,0,0
BRDA:265,32,1,0
BRDA:265,33,0,0
BRDA:265,33,1,0
BRDA:296,34,0,0
BRDA:296,34,1,0
BRDA:298,35,0,0
BRDA:298,35,1,0
BRDA:301,36,0,0
BRDA:301,36,1,0
BRDA:303,37,0,0
BRDA:303,37,1,0
BRDA:305,38,0,0
BRDA:305,38,1,0
BRDA:308,39,0,0
BRDA:308,39,1,0
BRDA:325,40,0,0
BRDA:325,40,1,0
BRDA:325,41,0,0
BRDA:325,41,1,0
BRDA:325,41,2,0
BRDA:329,42,0,0
BRDA:329,42,1,0
BRDA:329,43,0,0
BRDA:329,43,1,0
BRDA:348,44,0,0
BRDA:348,44,1,0
BRDA:350,45,0,0
BRDA:350,45,1,0
BRDA:372,46,0,0
BRDA:372,46,1,0
BRDA:390,47,0,0
BRDA:390,47,1,0
BRDA:392,48,0,0
BRDA:392,48,1,0
BRDA:392,49,0,0
BRDA:392,49,1,0
BRDA:392,49,2,0
BRDA:392,49,3,0
BRDA:398,50,0,0
BRDA:398,50,1,0
BRF:106
BRH:3
end_of_record
TN:
SF:/Users/akhan/Desktop/Develop/internet-banking-app/src/app/common/components/money-transfer/money-transfer-details-step/international-transfer-form/international-transfer-form.component.ts
FN:20,(anonymous_0)
FN:39,InternationalTransferFormComponent
FN:45,(anonymous_2)
FN:56,(anonymous_3)
FN:57,(anonymous_4)
FN:68,(anonymous_5)
FN:73,(anonymous_6)
FN:90,(anonymous_7)
FN:106,(anonymous_8)
FN:116,(anonymous_9)
FN:140,(anonymous_10)
FN:146,(anonymous_11)
FN:163,(anonymous_12)
FN:164,(anonymous_13)
FN:175,(anonymous_14)
FN:207,(anonymous_15)
FN:217,(anonymous_16)
FN:244,(anonymous_17)
FN:278,(anonymous_18)
FN:313,(anonymous_19)
FN:322,(anonymous_20)
FNF:21
FNH:1
FNDA:1,(anonymous_0)
FNDA:0,InternationalTransferFormComponent
FNDA:0,(anonymous_2)
FNDA:0,(anonymous_3)
FNDA:0,(anonymous_4)
FNDA:0,(anonymous_5)
FNDA:0,(anonymous_6)
FNDA:0,(anonymous_7)
FNDA:0,(anonymous_8)
FNDA:0,(anonymous_9)
FNDA:0,(anonymous_10)
FNDA:0,(anonymous_11)
FNDA:0,(anonymous_12)
FNDA:0,(anonymous_13)
FNDA:0,(anonymous_14)
FNDA:0,(anonymous_15)
FNDA:0,(anonymous_16)
FNDA:0,(anonymous_17)
FNDA:0,(anonymous_18)
FNDA:0,(anonymous_19)
FNDA:0,(anonymous_20)
DA:20,1
DA:21,0
DA:23,0
DA:26,0
DA:30,0
DA:31,0
DA:34,0
DA:35,0
DA:36,0
DA:38,0
DA:40,0
DA:41,0
DA:42,0
DA:45,1
DA:46,0
DA:47,0
DA:56,1
DA:57,0
DA:58,0
DA:68,1
DA:69,0
DA:70,0
DA:71,0
DA:72,0
DA:74,0
DA:77,0
DA:78,0
DA:80,0
DA:90,1
DA:91,0
DA:106,1
DA:107,0
DA:116,1
DA:117,0
DA:118,0
DA:119,0
DA:120,0
DA:124,0
DA:129,0
DA:130,0
DA:140,1
DA:141,0
DA:142,0
DA:143,0
DA:144,0
DA:145,0
DA:146,0
DA:147,0
DA:148,0
DA:150,0
DA:151,0
DA:163,1
DA:164,0
DA:165,0
DA:175,1
DA:176,0
DA:177,0
DA:178,0
DA:180,0
DA:182,0
DA:184,0
DA:185,0
DA:187,0
DA:190,0
DA:192,0
DA:197,0
DA:198,0
DA:207,1
DA:208,0
DA:217,1
DA:219,0
DA:221,0
DA:223,0
DA:224,0
DA:227,0
DA:229,0
DA:231,0
DA:232,0
DA:234,0
DA:235,0
DA:244,1
DA:245,0
DA:246,0
DA:247,0
DA:248,0
DA:251,0
DA:253,0
DA:254,0
DA:258,0
DA:259,0
DA:260,0
DA:263,0
DA:265,0
DA:266,0
DA:278,1
DA:279,0
DA:280,0
DA:281,0
DA:282,0
DA:283,0
DA:284,0
DA:285,0
DA:286,0
DA:287,0
DA:291,0
DA:292,0
DA:293,0
DA:294,0
DA:298,0
DA:299,0
DA:300,0
DA:301,0
DA:302,0
DA:313,1
DA:314,0
DA:315,0
DA:316,0
DA:317,0
DA:318,0
DA:322,1
DA:323,0
DA:325,1
LF:122
LH:17
BRDA:74,0,0,0
BRDA:74,0,1,0
BRDA:74,1,0,0
BRDA:74,1,1,0
BRDA:74,1,2,0
BRDA:117,2,0,0
BRDA:117,2,1,0
BRDA:119,3,0,0
BRDA:119,3,1,0
BRDA:141,4,0,0
BRDA:141,4,1,0
BRDA:147,5,0,0
BRDA:147,5,1,0
BRDA:147,6,0,0
BRDA:147,6,1,0
BRDA:184,7,0,0
BRDA:184,7,1,0
BRDA:245,8,0,0
BRDA:245,8,1,0
BRDA:245,9,0,0
BRDA:245,9,1,0
BRDA:247,10,0,0
BRDA:247,10,1,0
BRDA:248,11,0,0
BRDA:248,11,1,0
BRDA:248,12,0,0
BRDA:248,12,1,0
BRDA:253,13,0,0
BRDA:253,13,1,0
BRDA:259,14,0,0
BRDA:259,14,1,0
BRDA:260,15,0,0
BRDA:260,15,1,0
BRDA:260,16,0,0
BRDA:260,16,1,0
BRDA:265,17,0,0
BRDA:265,17,1,0
BRDA:281,18,0,0
BRDA:281,18,1,0
BRDA:288,19,0,0
BRDA:288,19,1,0
BRDA:291,20,0,0
BRDA:291,20,1,0
BRDA:293,21,0,0
BRDA:293,21,1,0
BRDA:295,22,0,0
BRDA:295,22,1,0
BRDA:298,23,0,0
BRDA:298,23,1,0
BRDA:314,24,0,0
BRDA:314,24,1,0
BRF:51
BRH:0
end_of_record
TN:
SF:/Users/akhan/Desktop/Develop/internet-banking-app/src/app/common/components/money-transfer/money-transfer-from-step/money-transfer-from-step.component.ts
FN:21,(anonymous_0)
FN:40,MoneyTransferFromStepComponent
FN:46,(anonymous_2)
FN:58,(anonymous_3)
FN:59,(anonymous_4)
FN:70,(anonymous_5)
FN:100,(anonymous_6)
FN:103,(anonymous_7)
FN:121,(anonymous_8)
FN:133,(anonymous_9)
FN:162,(anonymous_10)
FN:164,(anonymous_11)
FN:167,(anonymous_12)
FN:172,(anonymous_13)
FN:183,(anonymous_14)
FN:211,(anonymous_15)
FN:221,(anonymous_16)
FN:236,(anonymous_17)
FN:243,(anonymous_18)
FN:249,(anonymous_19)
FNF:20
FNH:8
FNDA:1,(anonymous_0)
FNDA:1,MoneyTransferFromStepComponent
FNDA:1,(anonymous_2)
FNDA:1,(anonymous_3)
FNDA:1,(anonymous_4)
FNDA:0,(anonymous_5)
FNDA:1,(anonymous_6)
FNDA:0,(anonymous_7)
FNDA:1,(anonymous_8)
FNDA:0,(anonymous_9)
FNDA:0,(anonymous_10)
FNDA:0,(anonymous_11)
FNDA:0,(anonymous_12)
FNDA:0,(anonymous_13)
FNDA:0,(anonymous_14)
FNDA:0,(anonymous_15)
FNDA:0,(anonymous_16)
FNDA:0,(anonymous_17)
FNDA:0,(anonymous_18)
FNDA:1,(anonymous_19)
DA:21,1
DA:22,1
DA:23,1
DA:24,1
DA:26,1
DA:27,1
DA:28,1
DA:29,1
DA:31,1
DA:32,1
DA:39,1
DA:41,1
DA:42,1
DA:43,1
DA:46,1
DA:47,1
DA:48,1
DA:49,1
DA:58,1
DA:59,1
DA:60,1
DA:70,1
DA:71,0
DA:72,0
DA:73,0
DA:74,0
DA:75,0
DA:76,0
DA:77,0
DA:78,0
DA:79,0
DA:82,0
DA:83,0
DA:84,0
DA:85,0
DA:86,0
DA:87,0
DA:88,0
DA:91,0
DA:100,1
DA:101,1
DA:102,0
DA:103,0
DA:104,0
DA:105,0
DA:106,0
DA:109,0
DA:110,0
DA:121,1
DA:122,1
DA:123,0
DA:133,1
DA:134,0
DA:135,0
DA:136,0
DA:137,0
DA:138,0
DA:139,0
DA:140,0
DA:141,0
DA:142,0
DA:143,0
DA:144,0
DA:145,0
DA:146,0
DA:147,0
DA:149,0
DA:150,0
DA:151,0
DA:162,1
DA:163,0
DA:164,0
DA:166,0
DA:167,0
DA:168,0
DA:170,0
DA:171,0
DA:172,0
DA:173,0
DA:183,1
DA:184,0
DA:185,0
DA:186,0
DA:187,0
DA:188,0
DA:189,0
DA:190,0
DA:191,0
DA:192,0
DA:193,0
DA:194,0
DA:195,0
DA:196,0
DA:198,0
DA:199,0
DA:200,0
DA:211,1
DA:212,0
DA:221,1
DA:222,0
DA:223,0
DA:224,0
DA:225,0
DA:226,0
DA:236,1
DA:237,0
DA:238,0
DA:239,0
DA:240,0
DA:241,0
DA:243,0
DA:246,0
DA:249,1
DA:250,1
DA:252,1
LF:115
LH:35
BRDA:74,0,0,0
BRDA:74,0,1,0
BRDA:76,1,0,0
BRDA:76,1,1,0
BRDA:77,2,0,0
BRDA:77,2,1,0
BRDA:77,3,0,0
BRDA:77,3,1,0
BRDA:86,4,0,0
BRDA:86,4,1,0
BRDA:86,5,0,0
BRDA:86,5,1,0
BRDA:101,6,0,0
BRDA:101,6,1,1
BRDA:104,7,0,0
BRDA:104,7,1,0
BRDA:104,8,0,0
BRDA:104,8,1,0
BRDA:109,9,0,0
BRDA:109,9,1,0
BRDA:122,10,0,0
BRDA:122,10,1,1
BRDA:135,11,0,0
BRDA:135,11,1,0
BRDA:136,12,0,0
BRDA:136,12,1,0
BRDA:144,13,0,0
BRDA:144,13,1,0
BRDA:144,14,0,0
BRDA:144,14,1,0
BRDA:163,15,0,0
BRDA:163,15,1,0
BRDA:170,16,0,0
BRDA:170,16,1,0
BRDA:186,17,0,0
BRDA:186,17,1,0
BRDA:193,18,0,0
BRDA:193,18,1,0
BRDA:193,19,0,0
BRDA:193,19,1,0
BRDA:225,20,0,0
BRDA:225,20,1,0
BRDA:239,21,0,0
BRDA:239,21,1,0
BRDA:240,22,0,0
BRDA:240,22,1,0
BRDA:240,23,0,0
BRDA:240,23,1,0
BRDA:241,24,0,0
BRDA:241,24,1,0
BRDA:241,25,0,0
BRDA:241,25,1,0
BRDA:246,26,0,0
BRDA:246,26,1,0
BRF:54
BRH:2
end_of_record
TN:
SF:/Users/akhan/Desktop/Develop/internet-banking-app/src/app/common/components/money-transfer/money-transfer-to-step/money-transfer-to-step.component.ts
FN:23,(anonymous_0)
FN:44,MoneyTransferToStepComponent
FN:51,(anonymous_2)
FN:64,(anonymous_3)
FN:65,(anonymous_4)
FN:76,(anonymous_5)
FN:125,(anonymous_6)
FN:126,(anonymous_7)
FN:141,(anonymous_8)
FN:142,(anonymous_9)
FN:158,(anonymous_10)
FN:159,(anonymous_11)
FN:162,(anonymous_12)
FN:182,(anonymous_13)
FN:199,(anonymous_14)
FN:216,(anonymous_15)
FN:226,(anonymous_16)
FN:228,(anonymous_17)
FN:244,(anonymous_18)
FN:254,(anonymous_19)
FN:269,(anonymous_20)
FN:288,(anonymous_21)
FN:291,(anonymous_22)
FN:318,(anonymous_23)
FN:319,(anonymous_24)
FN:337,(anonymous_25)
FN:338,(anonymous_26)
FN:348,(anonymous_27)
FNF:28
FNH:13
FNDA:1,(anonymous_0)
FNDA:1,MoneyTransferToStepComponent
FNDA:1,(anonymous_2)
FNDA:1,(anonymous_3)
FNDA:1,(anonymous_4)
FNDA:1,(anonymous_5)
FNDA:1,(anonymous_6)
FNDA:1,(anonymous_7)
FNDA:1,(anonymous_8)
FNDA:1,(anonymous_9)
FNDA:1,(anonymous_10)
FNDA:2,(anonymous_11)
FNDA:0,(anonymous_12)
FNDA:0,(anonymous_13)
FNDA:0,(anonymous_14)
FNDA:0,(anonymous_15)
FNDA:0,(anonymous_16)
FNDA:0,(anonymous_17)
FNDA:0,(anonymous_18)
FNDA:0,(anonymous_19)
FNDA:0,(anonymous_20)
FNDA:0,(anonymous_21)
FNDA:0,(anonymous_22)
FNDA:0,(anonymous_23)
FNDA:0,(anonymous_24)
FNDA:0,(anonymous_25)
FNDA:0,(anonymous_26)
FNDA:1,(anonymous_27)
DA:23,1
DA:24,1
DA:25,1
DA:26,1
DA:27,1
DA:28,1
DA:29,1
DA:30,1
DA:31,1
DA:32,1
DA:33,1
DA:35,1
DA:36,1
DA:38,1
DA:40,1
DA:41,1
DA:43,1
DA:45,1
DA:46,1
DA:47,1
DA:48,1
DA:51,1
DA:52,1
DA:53,1
DA:54,1
DA:55,1
DA:64,1
DA:65,1
DA:66,1
DA:76,1
DA:77,1
DA:78,1
DA:79,1
DA:80,1
DA:81,1
DA:82,1
DA:83,1
DA:84,1
DA:85,1
DA:87,1
DA:88,1
DA:89,1
DA:90,1
DA:91,1
DA:92,1
DA:94,1
DA:96,0
DA:97,0
DA:98,0
DA:99,0
DA:100,0
DA:101,0
DA:103,0
DA:105,0
DA:106,0
DA:107,0
DA:108,0
DA:109,0
DA:110,0
DA:111,0
DA:112,0
DA:114,0
DA:116,1
DA:125,1
DA:126,1
DA:127,1
DA:128,0
DA:130,0
DA:141,1
DA:142,1
DA:143,1
DA:144,0
DA:145,0
DA:146,0
DA:147,0
DA:158,1
DA:159,1
DA:160,2
DA:161,0
DA:162,0
DA:163,0
DA:164,0
DA:165,0
DA:169,2
DA:173,1
DA:182,1
DA:183,0
DA:184,0
DA:185,0
DA:186,0
DA:187,0
DA:188,0
DA:189,0
DA:199,1
DA:200,0
DA:201,0
DA:202,0
DA:203,0
DA:204,0
DA:205,0
DA:206,0
DA:216,1
DA:217,0
DA:226,1
DA:227,0
DA:228,0
DA:229,0
DA:230,0
DA:231,0
DA:232,0
DA:233,0
DA:244,1
DA:245,0
DA:254,1
DA:255,0
DA:256,0
DA:257,0
DA:258,0
DA:259,0
DA:260,0
DA:269,1
DA:270,0
DA:272,0
DA:273,0
DA:274,0
DA:276,0
DA:279,0
DA:288,1
DA:290,0
DA:291,0
DA:292,0
DA:296,0
DA:299,0
DA:301,0
DA:302,0
DA:305,0
DA:307,0
DA:308,0
DA:318,1
DA:319,0
DA:320,0
DA:321,0
DA:324,0
DA:327,0
DA:337,1
DA:338,0
DA:339,0
DA:340,0
DA:341,0
DA:344,0
DA:348,1
DA:349,1
DA:351,1
LF:153
LH:71
BRDA:86,0,0,1
BRDA:86,0,1,0
BRDA:86,0,2,0
BRDA:88,1,0,0
BRDA:88,1,1,1
BRDA:89,2,0,1
BRDA:89,2,1,0
BRDA:89,3,0,1
BRDA:89,3,1,1
BRDA:99,4,0,0
BRDA:99,4,1,0
BRDA:99,5,0,0
BRDA:99,5,1,0
BRDA:109,6,0,0
BRDA:109,6,1,0
BRDA:109,7,0,0
BRDA:109,7,1,0
BRDA:127,8,0,0
BRDA:127,8,1,1
BRDA:143,9,0,0
BRDA:143,9,1,1
BRDA:143,10,0,1
BRDA:143,10,1,0
BRDA:160,11,0,0
BRDA:160,11,1,2
BRDA:163,12,0,0
BRDA:163,12,1,0
BRDA:163,13,0,0
BRDA:163,13,1,0
BRDA:183,14,0,0
BRDA:183,14,1,0
BRDA:200,15,0,0
BRDA:200,15,1,0
BRDA:229,16,0,0
BRDA:229,16,1,0
BRDA:270,17,0,0
BRDA:270,17,1,0
BRDA:270,18,0,0
BRDA:270,18,1,0
BRDA:273,19,0,0
BRDA:273,19,1,0
BRDA:290,20,0,0
BRDA:290,20,1,0
BRDA:290,21,0,0
BRDA:290,21,1,0
BRDA:292,22,0,0
BRDA:292,22,1,0
BRDA:292,22,2,0
BRDA:299,23,0,0
BRDA:299,23,1,0
BRDA:299,24,0,0
BRDA:299,24,1,0
BRDA:299,24,2,0
BRDA:305,25,0,0
BRDA:305,25,1,0
BRDA:305,26,0,0
BRDA:305,26,1,0
BRDA:305,26,2,0
BRDA:320,27,0,0
BRDA:320,27,1,0
BRDA:321,28,0,0
BRDA:321,28,1,0
BRDA:321,29,0,0
BRDA:321,29,1,0
BRDA:321,29,2,0
BRDA:339,30,0,0
BRDA:339,30,1,0
BRDA:340,31,0,0
BRDA:340,31,1,0
BRF:69
BRH:9
end_of_record
TN:
SF:/Users/akhan/Desktop/Develop/internet-banking-app/src/app/common/components/open-account/open-account.component.ts
FN:16,(anonymous_0)
FN:28,OpenAccountComponent
FN:32,(anonymous_2)
FN:46,(anonymous_3)
FN:58,(anonymous_4)
FN:68,(anonymous_5)
FN:93,(anonymous_6)
FN:103,(anonymous_7)
FN:116,(anonymous_8)
FN:117,(anonymous_9)
FN:122,(anonymous_10)
FNF:11
FNH:6
FNDA:1,(anonymous_0)
FNDA:1,OpenAccountComponent
FNDA:1,(anonymous_2)
FNDA:0,(anonymous_3)
FNDA:0,(anonymous_4)
FNDA:0,(anonymous_5)
FNDA:0,(anonymous_6)
FNDA:0,(anonymous_7)
FNDA:1,(anonymous_8)
FNDA:1,(anonymous_9)
FNDA:1,(anonymous_10)
DA:16,1
DA:17,1
DA:18,1
DA:19,1
DA:20,1
DA:22,1
DA:23,1
DA:24,2
DA:25,2
DA:26,1
DA:28,1
DA:29,1
DA:32,1
DA:33,1
DA:34,1
DA:35,0
DA:37,1
DA:46,1
DA:47,0
DA:48,0
DA:49,0
DA:58,1
DA:59,0
DA:68,1
DA:69,0
DA:70,0
DA:73,0
DA:74,0
DA:75,0
DA:77,0
DA:78,0
DA:79,0
DA:81,0
DA:82,0
DA:83,0
DA:93,1
DA:94,0
DA:103,1
DA:104,0
DA:105,0
DA:106,0
DA:116,1
DA:117,1
DA:118,1
DA:122,1
DA:123,1
DA:125,1
LF:47
LH:27
BRDA:34,0,0,0
BRDA:34,0,1,1
BRDA:59,1,0,0
BRDA:59,1,1,0
BRDA:71,2,0,0
BRDA:71,2,1,0
BRDA:71,2,2,0
BRDA:71,2,3,0
BRDA:104,3,0,0
BRDA:104,3,1,0
BRF:10
BRH:1
end_of_record
TN:
SF:/Users/akhan/Desktop/Develop/internet-banking-app/src/app/common/components/open-account/ghina-savings-account/ghina-savings-account.component.ts
FN:23,(anonymous_0)
FN:40,GhinaSavingsAccountComponent
FN:46,(anonymous_2)
FN:57,(anonymous_3)
FN:69,(anonymous_4)
FN:84,(anonymous_5)
FN:100,(anonymous_6)
FN:111,(anonymous_7)
FN:131,(anonymous_8)
FN:150,(anonymous_9)
FN:151,(anonymous_10)
FN:165,(anonymous_11)
FN:173,(anonymous_12)
FN:192,(anonymous_13)
FN:209,(anonymous_14)
FN:225,(anonymous_15)
FN:245,(anonymous_16)
FN:256,(anonymous_17)
FN:266,(anonymous_18)
FN:267,(anonymous_19)
FNF:20
FNH:7
FNDA:1,(anonymous_0)
FNDA:1,GhinaSavingsAccountComponent
FNDA:1,(anonymous_2)
FNDA:1,(anonymous_3)
FNDA:0,(anonymous_4)
FNDA:1,(anonymous_5)
FNDA:0,(anonymous_6)
FNDA:0,(anonymous_7)
FNDA:0,(anonymous_8)
FNDA:0,(anonymous_9)
FNDA:0,(anonymous_10)
FNDA:0,(anonymous_11)
FNDA:0,(anonymous_12)
FNDA:0,(anonymous_13)
FNDA:0,(anonymous_14)
FNDA:0,(anonymous_15)
FNDA:0,(anonymous_16)
FNDA:0,(anonymous_17)
FNDA:1,(anonymous_18)
FNDA:1,(anonymous_19)
DA:23,1
DA:24,2
DA:26,1
DA:30,1
DA:37,1
DA:38,1
DA:39,1
DA:41,1
DA:42,1
DA:43,1
DA:44,1
DA:46,1
DA:47,1
DA:48,1
DA:57,1
DA:58,1
DA:59,1
DA:60,1
DA:69,1
DA:70,0
DA:71,0
DA:72,0
DA:73,0
DA:74,0
DA:75,0
DA:84,1
DA:85,1
DA:100,1
DA:101,0
DA:102,0
DA:111,1
DA:112,0
DA:114,0
DA:115,0
DA:117,0
DA:118,0
DA:120,0
DA:121,0
DA:131,1
DA:132,0
DA:136,0
DA:138,0
DA:140,0
DA:150,1
DA:151,0
DA:152,0
DA:154,0
DA:155,0
DA:156,0
DA:165,1
DA:166,0
DA:168,0
DA:169,0
DA:170,0
DA:171,0
DA:172,0
DA:173,0
DA:174,0
DA:175,0
DA:176,0
DA:177,0
DA:179,0
DA:180,0
DA:192,1
DA:193,0
DA:194,0
DA:197,0
DA:198,0
DA:199,0
DA:209,1
DA:210,0
DA:211,0
DA:212,0
DA:213,0
DA:225,1
DA:226,0
DA:227,0
DA:228,0
DA:229,0
DA:230,0
DA:236,0
DA:237,0
DA:245,1
DA:246,0
DA:247,0
DA:248,0
DA:256,1
DA:257,0
DA:266,1
DA:267,1
DA:268,1
DA:271,1
LF:92
LH:35
BRDA:113,0,0,0
BRDA:113,0,1,0
BRDA:113,0,2,0
BRDA:134,1,0,0
BRDA:134,1,1,0
BRDA:166,2,0,0
BRDA:166,2,1,0
BRDA:166,3,0,0
BRDA:166,3,1,0
BRDA:166,3,2,0
BRDA:166,3,3,0
BRDA:174,4,0,0
BRDA:174,4,1,0
BRDA:194,5,0,0
BRDA:194,5,1,0
BRDA:194,6,0,0
BRDA:194,6,1,0
BRDA:194,6,2,0
BRDA:198,7,0,0
BRDA:198,7,1,0
BRDA:212,8,0,0
BRDA:212,8,1,0
BRDA:212,9,0,0
BRDA:212,9,1,0
BRDA:228,10,0,0
BRDA:228,10,1,0
BRDA:229,11,0,0
BRDA:229,11,1,0
BRDA:257,12,0,0
BRDA:257,12,1,0
BRF:30
BRH:0
end_of_record
TN:
SF:/Users/akhan/Desktop/Develop/internet-banking-app/src/app/common/components/open-account/ghina-savings-account/ghina-summary/ghina-summary.component.ts
FN:23,(anonymous_0)
FN:37,GhinaSummaryComponent
FN:42,(anonymous_2)
FN:55,(anonymous_3)
FN:68,(anonymous_4)
FN:74,(anonymous_5)
FN:93,(anonymous_6)
FN:104,(anonymous_7)
FN:116,(anonymous_8)
FN:126,(anonymous_9)
FN:134,(anonymous_10)
FN:155,(anonymous_11)
FN:165,(anonymous_12)
FN:166,(anonymous_13)
FNF:14
FNH:7
FNDA:1,(anonymous_0)
FNDA:1,GhinaSummaryComponent
FNDA:1,(anonymous_2)
FNDA:1,(anonymous_3)
FNDA:0,(anonymous_4)
FNDA:0,(anonymous_5)
FNDA:0,(anonymous_6)
FNDA:0,(anonymous_7)
FNDA:0,(anonymous_8)
FNDA:0,(anonymous_9)
FNDA:0,(anonymous_10)
FNDA:2,(anonymous_11)
FNDA:1,(anonymous_12)
FNDA:1,(anonymous_13)
DA:23,1
DA:24,2
DA:26,1
DA:27,1
DA:31,1
DA:32,1
DA:34,1
DA:35,1
DA:38,1
DA:39,1
DA:40,1
DA:42,1
DA:43,1
DA:44,1
DA:45,1
DA:46,1
DA:55,1
DA:56,1
DA:58,1
DA:68,1
DA:69,0
DA:70,0
DA:72,0
DA:73,0
DA:74,0
DA:75,0
DA:76,0
DA:78,0
DA:79,0
DA:80,0
DA:82,0
DA:93,1
DA:94,0
DA:95,0
DA:104,1
DA:105,0
DA:106,0
DA:116,1
DA:117,0
DA:126,1
DA:127,0
DA:128,0
DA:129,0
DA:130,0
DA:131,0
DA:133,0
DA:134,0
DA:135,0
DA:136,0
DA:137,0
DA:138,0
DA:139,0
DA:140,0
DA:141,0
DA:142,0
DA:143,0
DA:144,0
DA:155,1
DA:156,2
DA:165,1
DA:166,1
DA:167,1
DA:171,1
LF:63
LH:30
BRDA:57,0,0,0
BRDA:57,0,1,1
BRDA:59,1,0,0
BRDA:59,1,1,1
BRDA:69,2,0,0
BRDA:69,2,1,0
BRDA:75,3,0,0
BRDA:75,3,1,0
BRDA:75,4,0,0
BRDA:75,4,1,0
BRDA:78,5,0,0
BRDA:78,5,1,0
BRDA:78,6,0,0
BRDA:78,6,1,0
BRDA:83,7,0,0
BRDA:83,7,1,0
BRDA:82,8,0,0
BRDA:82,8,1,0
BRDA:82,8,2,0
BRDA:94,9,0,0
BRDA:94,9,1,0
BRDA:105,10,0,0
BRDA:105,10,1,0
BRDA:105,11,0,0
BRDA:105,11,1,0
BRDA:126,12,0,0
BRDA:126,12,1,0
BRDA:129,13,0,0
BRDA:129,13,1,0
BRDA:135,14,0,0
BRDA:135,14,1,0
BRDA:135,15,0,0
BRDA:135,15,1,0
BRDA:138,16,0,0
BRDA:138,16,1,0
BRDA:138,17,0,0
BRDA:138,17,1,0
BRDA:141,18,0,0
BRDA:141,18,1,0
BRDA:156,19,0,2
BRDA:156,19,1,0
BRF:41
BRH:3
end_of_record
TN:
SF:/Users/akhan/Desktop/Develop/internet-banking-app/src/app/common/components/open-account/investment-deposit-account/investment-deposit-account.component.ts
FN:25,(anonymous_0)
FN:51,InvestmentDepositAccountComponent
FN:58,(anonymous_2)
FN:69,(anonymous_3)
FN:90,(anonymous_4)
FN:109,(anonymous_5)
FN:120,(anonymous_6)
FN:142,(anonymous_7)
FN:154,(anonymous_8)
FN:155,(anonymous_9)
FN:182,(anonymous_10)
FN:198,(anonymous_11)
FN:208,(anonymous_12)
FN:226,(anonymous_13)
FN:233,(anonymous_14)
FN:252,(anonymous_15)
FN:273,(anonymous_16)
FN:283,(anonymous_17)
FN:301,(anonymous_18)
FN:313,(anonymous_19)
FN:334,(anonymous_20)
FN:345,(anonymous_21)
FN:362,(anonymous_22)
FNF:23
FNH:7
FNDA:1,(anonymous_0)
FNDA:1,InvestmentDepositAccountComponent
FNDA:1,(anonymous_2)
FNDA:1,(anonymous_3)
FNDA:1,(anonymous_4)
FNDA:0,(anonymous_5)
FNDA:0,(anonymous_6)
FNDA:0,(anonymous_7)
FNDA:0,(anonymous_8)
FNDA:0,(anonymous_9)
FNDA:0,(anonymous_10)
FNDA:0,(anonymous_11)
FNDA:0,(anonymous_12)
FNDA:0,(anonymous_13)
FNDA:0,(anonymous_14)
FNDA:0,(anonymous_15)
FNDA:1,(anonymous_16)
FNDA:0,(anonymous_17)
FNDA:0,(anonymous_18)
FNDA:0,(anonymous_19)
FNDA:0,(anonymous_20)
FNDA:0,(anonymous_21)
FNDA:2,(anonymous_22)
DA:25,1
DA:26,2
DA:27,2
DA:28,2
DA:30,1
DA:31,1
DA:32,1
DA:33,1
DA:34,1
DA:35,1
DA:38,1
DA:39,1
DA:40,1
DA:41,1
DA:44,1
DA:45,1
DA:52,1
DA:53,1
DA:54,1
DA:55,1
DA:58,1
DA:59,1
DA:60,1
DA:69,1
DA:70,1
DA:71,1
DA:72,1
DA:73,1
DA:75,1
DA:76,1
DA:78,1
DA:79,1
DA:80,1
DA:81,1
DA:82,1
DA:90,1
DA:91,1
DA:109,1
DA:110,0
DA:111,0
DA:120,1
DA:121,0
DA:122,0
DA:123,0
DA:124,0
DA:127,0
DA:128,0
DA:129,0
DA:130,0
DA:131,0
DA:132,0
DA:133,0
DA:142,1
DA:143,0
DA:144,0
DA:154,1
DA:155,0
DA:156,0
DA:158,0
DA:160,0
DA:161,0
DA:162,0
DA:163,0
DA:164,0
DA:166,0
DA:167,0
DA:168,0
DA:170,0
DA:171,0
DA:172,0
DA:182,1
DA:183,0
DA:184,0
DA:185,0
DA:186,0
DA:187,0
DA:188,0
DA:198,1
DA:199,0
DA:208,1
DA:209,0
DA:210,0
DA:211,0
DA:213,0
DA:216,0
DA:217,0
DA:226,1
DA:227,0
DA:228,0
DA:229,0
DA:230,0
DA:231,0
DA:232,0
DA:233,0
DA:234,0
DA:235,0
DA:236,0
DA:237,0
DA:239,0
DA:240,0
DA:252,1
DA:253,0
DA:254,0
DA:255,0
DA:256,0
DA:257,0
DA:259,0
DA:261,0
DA:264,0
DA:273,1
DA:274,1
DA:283,1
DA:284,0
DA:285,0
DA:286,0
DA:287,0
DA:288,0
DA:289,0
DA:290,0
DA:291,0
DA:301,1
DA:302,0
DA:303,0
DA:304,0
DA:313,1
DA:314,0
DA:315,0
DA:316,0
DA:317,0
DA:318,0
DA:320,0
DA:322,0
DA:325,0
DA:334,1
DA:335,0
DA:345,1
DA:346,0
DA:347,0
DA:350,0
DA:351,0
DA:352,0
DA:362,1
DA:363,2
DA:365,1
LF:144
LH:56
BRDA:125,0,0,0
BRDA:125,0,1,0
BRDA:143,1,0,0
BRDA:143,1,1,0
BRDA:159,2,0,0
BRDA:159,2,1,0
BRDA:159,2,2,0
BRDA:183,3,0,0
BRDA:183,3,1,0
BRDA:211,4,0,0
BRDA:211,4,1,0
BRDA:227,5,0,0
BRDA:227,5,1,0
BRDA:227,6,0,0
BRDA:227,6,1,0
BRDA:227,6,2,0
BRDA:234,7,0,0
BRDA:234,7,1,0
BRDA:255,8,0,0
BRDA:255,8,1,0
BRDA:255,9,0,0
BRDA:255,9,1,0
BRDA:274,10,0,0
BRDA:274,10,1,1
BRDA:287,11,0,0
BRDA:287,11,1,0
BRDA:316,12,0,0
BRDA:316,12,1,0
BRDA:316,13,0,0
BRDA:316,13,1,0
BRDA:335,14,0,0
BRDA:335,14,1,0
BRDA:347,15,0,0
BRDA:347,15,1,0
BRDA:347,16,0,0
BRDA:347,16,1,0
BRDA:351,17,0,0
BRDA:351,17,1,0
BRDA:363,18,0,2
BRDA:363,18,1,0
BRF:40
BRH:2
end_of_record
TN:
SF:/Users/akhan/Desktop/Develop/internet-banking-app/src/app/common/components/open-account/investment-deposit-account/open-account-summary/open-account-summary.component.ts
FN:17,(anonymous_0)
FN:28,OpenAccountSummaryComponent
FN:34,(anonymous_2)
FN:45,(anonymous_3)
FN:56,(anonymous_4)
FN:63,(anonymous_5)
FN:83,(anonymous_6)
FN:95,(anonymous_7)
FN:107,(anonymous_8)
FN:118,(anonymous_9)
FN:122,(anonymous_10)
FNF:11
FNH:4
FNDA:1,(anonymous_0)
FNDA:1,OpenAccountSummaryComponent
FNDA:1,(anonymous_2)
FNDA:1,(anonymous_3)
FNDA:0,(anonymous_4)
FNDA:0,(anonymous_5)
FNDA:0,(anonymous_6)
FNDA:0,(anonymous_7)
FNDA:0,(anonymous_8)
FNDA:0,(anonymous_9)
FNDA:0,(anonymous_10)
DA:17,1
DA:18,2
DA:19,1
DA:20,1
DA:22,1
DA:26,1
DA:27,1
DA:29,1
DA:30,1
DA:31,1
DA:34,1
DA:35,1
DA:36,1
DA:37,1
DA:45,1
DA:46,1
DA:56,1
DA:57,0
DA:58,0
DA:61,0
DA:62,0
DA:63,0
DA:64,0
DA:65,0
DA:67,0
DA:68,0
DA:69,0
DA:71,0
DA:83,1
DA:84,0
DA:85,0
DA:95,1
DA:96,0
DA:97,0
DA:107,1
DA:108,0
DA:118,1
DA:119,0
DA:120,0
DA:121,0
DA:122,0
DA:123,0
DA:124,0
DA:125,0
DA:126,0
DA:127,0
DA:128,0
DA:129,0
DA:133,1
LF:49
LH:22
BRDA:47,0,0,0
BRDA:47,0,1,1
BRDA:57,1,0,0
BRDA:57,1,1,0
BRDA:64,2,0,0
BRDA:64,2,1,0
BRDA:64,3,0,0
BRDA:64,3,1,0
BRDA:67,4,0,0
BRDA:67,4,1,0
BRDA:67,5,0,0
BRDA:67,5,1,0
BRDA:72,6,0,0
BRDA:72,6,1,0
BRDA:71,7,0,0
BRDA:71,7,1,0
BRDA:71,7,2,0
BRDA:84,8,0,0
BRDA:84,8,1,0
BRDA:96,9,0,0
BRDA:96,9,1,0
BRDA:96,10,0,0
BRDA:96,10,1,0
BRDA:123,11,0,0
BRDA:123,11,1,0
BRDA:127,12,0,0
BRDA:127,12,1,0
BRF:27
BRH:1
end_of_record
TN:
SF:/Users/akhan/Desktop/Develop/internet-banking-app/src/app/common/components/open-account/savings-account/savings-account.component.ts
FN:22,(anonymous_0)
FN:40,SavingsAccountComponent
FN:46,(anonymous_2)
FN:57,(anonymous_3)
FN:69,(anonymous_4)
FN:84,(anonymous_5)
FN:100,(anonymous_6)
FN:111,(anonymous_7)
FN:131,(anonymous_8)
FN:150,(anonymous_9)
FN:151,(anonymous_10)
FN:165,(anonymous_11)
FN:173,(anonymous_12)
FN:192,(anonymous_13)
FN:209,(anonymous_14)
FN:225,(anonymous_15)
FN:245,(anonymous_16)
FN:256,(anonymous_17)
FN:268,(anonymous_18)
FN:269,(anonymous_19)
FNF:20
FNH:7
FNDA:1,(anonymous_0)
FNDA:1,SavingsAccountComponent
FNDA:1,(anonymous_2)
FNDA:1,(anonymous_3)
FNDA:0,(anonymous_4)
FNDA:1,(anonymous_5)
FNDA:0,(anonymous_6)
FNDA:0,(anonymous_7)
FNDA:0,(anonymous_8)
FNDA:0,(anonymous_9)
FNDA:0,(anonymous_10)
FNDA:0,(anonymous_11)
FNDA:0,(anonymous_12)
FNDA:0,(anonymous_13)
FNDA:0,(anonymous_14)
FNDA:0,(anonymous_15)
FNDA:0,(anonymous_16)
FNDA:0,(anonymous_17)
FNDA:1,(anonymous_18)
FNDA:1,(anonymous_19)
DA:22,1
DA:23,2
DA:25,1
DA:29,1
DA:37,1
DA:38,1
DA:39,1
DA:41,1
DA:42,1
DA:43,1
DA:44,1
DA:46,1
DA:47,1
DA:48,1
DA:57,1
DA:58,1
DA:59,1
DA:60,1
DA:69,1
DA:70,0
DA:71,0
DA:72,0
DA:73,0
DA:74,0
DA:75,0
DA:84,1
DA:85,1
DA:100,1
DA:101,0
DA:102,0
DA:111,1
DA:112,0
DA:114,0
DA:115,0
DA:117,0
DA:118,0
DA:120,0
DA:121,0
DA:131,1
DA:132,0
DA:136,0
DA:138,0
DA:140,0
DA:150,1
DA:151,0
DA:152,0
DA:154,0
DA:155,0
DA:156,0
DA:165,1
DA:166,0
DA:168,0
DA:169,0
DA:170,0
DA:171,0
DA:172,0
DA:173,0
DA:174,0
DA:175,0
DA:176,0
DA:177,0
DA:179,0
DA:180,0
DA:192,1
DA:193,0
DA:194,0
DA:197,0
DA:198,0
DA:199,0
DA:209,1
DA:210,0
DA:211,0
DA:212,0
DA:213,0
DA:225,1
DA:226,0
DA:227,0
DA:228,0
DA:229,0
DA:230,0
DA:236,0
DA:237,0
DA:245,1
DA:246,0
DA:247,0
DA:248,0
DA:256,1
DA:257,0
DA:268,1
DA:269,1
DA:270,1
DA:273,1
LF:92
LH:35
BRDA:113,0,0,0
BRDA:113,0,1,0
BRDA:113,0,2,0
BRDA:134,1,0,0
BRDA:134,1,1,0
BRDA:166,2,0,0
BRDA:166,2,1,0
BRDA:166,3,0,0
BRDA:166,3,1,0
BRDA:166,3,2,0
BRDA:166,3,3,0
BRDA:174,4,0,0
BRDA:174,4,1,0
BRDA:194,5,0,0
BRDA:194,5,1,0
BRDA:194,6,0,0
BRDA:194,6,1,0
BRDA:194,6,2,0
BRDA:198,7,0,0
BRDA:198,7,1,0
BRDA:212,8,0,0
BRDA:212,8,1,0
BRDA:212,9,0,0
BRDA:212,9,1,0
BRDA:228,10,0,0
BRDA:228,10,1,0
BRDA:229,11,0,0
BRDA:229,11,1,0
BRDA:257,12,0,0
BRDA:257,12,1,0
BRF:30
BRH:0
end_of_record
TN:
SF:/Users/akhan/Desktop/Develop/internet-banking-app/src/app/common/components/open-account/savings-account/savings-summary/savings-summary.component.ts
FN:23,(anonymous_0)
FN:37,SavingsSummaryAccountComponent
FN:42,(anonymous_2)
FN:55,(anonymous_3)
FN:65,(anonymous_4)
FN:71,(anonymous_5)
FN:90,(anonymous_6)
FN:101,(anonymous_7)
FN:113,(anonymous_8)
FN:123,(anonymous_9)
FN:127,(anonymous_10)
FN:145,(anonymous_11)
FN:146,(anonymous_12)
FNF:13
FNH:6
FNDA:1,(anonymous_0)
FNDA:1,SavingsSummaryAccountComponent
FNDA:1,(anonymous_2)
FNDA:1,(anonymous_3)
FNDA:0,(anonymous_4)
FNDA:0,(anonymous_5)
FNDA:0,(anonymous_6)
FNDA:0,(anonymous_7)
FNDA:0,(anonymous_8)
FNDA:0,(anonymous_9)
FNDA:0,(anonymous_10)
FNDA:1,(anonymous_11)
FNDA:1,(anonymous_12)
DA:23,1
DA:24,2
DA:26,1
DA:27,1
DA:31,1
DA:32,1
DA:34,1
DA:35,1
DA:38,1
DA:39,1
DA:40,1
DA:42,1
DA:43,1
DA:44,1
DA:45,1
DA:46,1
DA:55,1
DA:56,1
DA:65,1
DA:66,0
DA:67,0
DA:69,0
DA:70,0
DA:71,0
DA:72,0
DA:73,0
DA:75,0
DA:76,0
DA:77,0
DA:79,0
DA:90,1
DA:91,0
DA:92,0
DA:101,1
DA:102,0
DA:103,0
DA:113,1
DA:114,0
DA:123,1
DA:124,0
DA:125,0
DA:126,0
DA:127,0
DA:128,0
DA:129,0
DA:130,0
DA:131,0
DA:132,0
DA:133,0
DA:134,0
DA:145,1
DA:146,1
DA:147,1
DA:150,1
LF:54
LH:27
BRDA:57,0,0,0
BRDA:57,0,1,1
BRDA:66,1,0,0
BRDA:66,1,1,0
BRDA:72,2,0,0
BRDA:72,2,1,0
BRDA:72,3,0,0
BRDA:72,3,1,0
BRDA:75,4,0,0
BRDA:75,4,1,0
BRDA:75,5,0,0
BRDA:75,5,1,0
BRDA:80,6,0,0
BRDA:80,6,1,0
BRDA:79,7,0,0
BRDA:79,7,1,0
BRDA:79,7,2,0
BRDA:91,8,0,0
BRDA:91,8,1,0
BRDA:102,9,0,0
BRDA:102,9,1,0
BRDA:102,10,0,0
BRDA:102,10,1,0
BRDA:128,11,0,0
BRDA:128,11,1,0
BRDA:132,12,0,0
BRDA:132,12,1,0
BRF:27
BRH:1
end_of_record
TN:
SF:/Users/akhan/Desktop/Develop/internet-banking-app/src/app/common/components/otp/otp.component.ts
FN:23,(anonymous_0)
FN:49,OTPComponent
FN:58,(anonymous_2)
FN:62,(anonymous_3)
FN:74,(anonymous_4)
FN:75,(anonymous_5)
FN:86,(anonymous_6)
FN:97,(anonymous_7)
FN:101,(anonymous_8)
FN:104,(anonymous_9)
FN:119,(anonymous_10)
FN:131,(anonymous_11)
FN:145,(anonymous_12)
FN:162,(anonymous_13)
FN:180,(anonymous_14)
FN:194,(anonymous_15)
FN:209,(anonymous_16)
FN:221,(anonymous_17)
FN:228,(anonymous_18)
FN:271,(anonymous_19)
FN:283,(anonymous_20)
FN:300,(anonymous_21)
FN:311,(anonymous_22)
FN:321,(anonymous_23)
FN:329,(anonymous_24)
FNF:25
FNH:8
FNDA:1,(anonymous_0)
FNDA:1,OTPComponent
FNDA:1,(anonymous_2)
FNDA:0,(anonymous_3)
FNDA:1,(anonymous_4)
FNDA:1,(anonymous_5)
FNDA:0,(anonymous_6)
FNDA:0,(anonymous_7)
FNDA:0,(anonymous_8)
FNDA:0,(anonymous_9)
FNDA:1,(anonymous_10)
FNDA:0,(anonymous_11)
FNDA:0,(anonymous_12)
FNDA:0,(anonymous_13)
FNDA:1,(anonymous_14)
FNDA:0,(anonymous_15)
FNDA:0,(anonymous_16)
FNDA:0,(anonymous_17)
FNDA:0,(anonymous_18)
FNDA:0,(anonymous_19)
FNDA:0,(anonymous_20)
FNDA:0,(anonymous_21)
FNDA:0,(anonymous_22)
FNDA:0,(anonymous_23)
FNDA:1,(anonymous_24)
DA:23,1
DA:24,1
DA:25,2
DA:26,2
DA:27,1
DA:28,2
DA:29,2
DA:30,2
DA:31,2
DA:32,1
DA:33,1
DA:34,1
DA:35,1
DA:38,1
DA:39,1
DA:40,1
DA:41,1
DA:42,1
DA:43,1
DA:44,1
DA:46,1
DA:47,1
DA:50,1
DA:51,1
DA:52,1
DA:53,1
DA:54,1
DA:55,1
DA:56,1
DA:58,1
DA:59,1
DA:60,1
DA:62,1
DA:63,0
DA:64,0
DA:74,1
DA:75,1
DA:76,1
DA:86,1
DA:87,0
DA:88,0
DA:97,1
DA:98,0
DA:99,0
DA:100,0
DA:102,0
DA:104,0
DA:107,0
DA:109,0
DA:110,0
DA:119,1
DA:120,1
DA:121,0
DA:131,1
DA:132,0
DA:133,0
DA:134,0
DA:135,0
DA:136,0
DA:145,1
DA:146,0
DA:147,0
DA:148,0
DA:149,0
DA:150,0
DA:151,0
DA:153,0
DA:162,1
DA:163,0
DA:164,0
DA:165,0
DA:166,0
DA:167,0
DA:168,0
DA:169,0
DA:171,0
DA:180,1
DA:181,1
DA:182,1
DA:183,1
DA:184,1
DA:194,1
DA:195,0
DA:197,0
DA:198,0
DA:199,0
DA:209,1
DA:210,0
DA:211,0
DA:221,1
DA:222,0
DA:223,0
DA:224,0
DA:226,0
DA:227,0
DA:229,0
DA:230,0
DA:231,0
DA:233,0
DA:239,0
DA:241,0
DA:246,0
DA:249,0
DA:250,0
DA:251,0
DA:252,0
DA:253,0
DA:254,0
DA:255,0
DA:256,0
DA:257,0
DA:258,0
DA:261,0
DA:262,0
DA:264,0
DA:265,0
DA:266,0
DA:267,0
DA:268,0
DA:271,0
DA:274,0
DA:283,1
DA:284,0
DA:286,0
DA:287,0
DA:290,0
DA:300,1
DA:301,0
DA:302,0
DA:311,1
DA:312,0
DA:313,0
DA:314,0
DA:315,0
DA:316,0
DA:317,0
DA:318,0
DA:319,0
DA:320,0
DA:321,0
DA:322,0
DA:323,0
DA:324,0
DA:329,1
DA:330,1
DA:331,1
DA:333,1
LF:147
LH:58
BRDA:63,0,0,0
BRDA:63,0,1,0
BRDA:63,1,0,0
BRDA:63,1,1,0
BRDA:99,2,0,0
BRDA:99,2,1,0
BRDA:99,3,0,0
BRDA:99,3,1,0
BRDA:120,4,0,0
BRDA:120,4,1,1
BRDA:146,5,0,0
BRDA:146,5,1,0
BRDA:148,6,0,0
BRDA:148,6,1,0
BRDA:149,7,0,0
BRDA:149,7,1,0
BRDA:163,8,0,0
BRDA:163,8,1,0
BRDA:167,9,0,0
BRDA:167,9,1,0
BRDA:182,10,0,1
BRDA:182,10,1,0
BRDA:197,11,0,0
BRDA:197,11,1,0
BRDA:221,12,0,0
BRDA:221,12,1,0
BRDA:224,13,0,0
BRDA:224,13,1,0
BRDA:224,14,0,0
BRDA:224,14,1,0
BRDA:231,15,0,0
BRDA:231,15,1,0
BRDA:231,16,0,0
BRDA:231,16,1,0
BRDA:233,17,0,0
BRDA:233,17,1,0
BRDA:233,18,0,0
BRDA:233,18,1,0
BRDA:233,18,2,0
BRDA:233,18,3,0
BRDA:241,19,0,0
BRDA:241,19,1,0
BRDA:241,20,0,0
BRDA:241,20,1,0
BRDA:241,20,2,0
BRDA:247,21,0,0
BRDA:247,21,1,0
BRDA:252,22,0,0
BRDA:252,22,1,0
BRDA:252,23,0,0
BRDA:252,23,1,0
BRDA:253,24,0,0
BRDA:253,24,1,0
BRDA:265,25,0,0
BRDA:265,25,1,0
BRDA:265,26,0,0
BRDA:265,26,1,0
BRDA:265,26,2,0
BRDA:267,27,0,0
BRDA:267,27,1,0
BRDA:284,28,0,0
BRDA:284,28,1,0
BRDA:301,29,0,0
BRDA:301,29,1,0
BRDA:301,30,0,0
BRDA:301,30,1,0
BRDA:301,30,2,0
BRDA:301,30,3,0
BRDA:301,30,4,0
BRDA:322,31,0,0
BRDA:322,31,1,0
BRF:71
BRH:2
end_of_record
TN:
SF:/Users/akhan/Desktop/Develop/internet-banking-app/src/app/common/components/payments/payments.component.ts
FN:22,(anonymous_0)
FN:42,PaymentsComponent
FN:49,(anonymous_2)
FN:63,(anonymous_3)
FN:64,(anonymous_4)
FN:75,(anonymous_5)
FN:77,(anonymous_6)
FN:88,(anonymous_7)
FN:90,(anonymous_8)
FN:103,(anonymous_9)
FN:119,(anonymous_10)
FN:134,(anonymous_11)
FN:135,(anonymous_12)
FN:150,(anonymous_13)
FN:164,(anonymous_14)
FN:168,(anonymous_15)
FNF:16
FNH:11
FNDA:1,(anonymous_0)
FNDA:1,PaymentsComponent
FNDA:1,(anonymous_2)
FNDA:1,(anonymous_3)
FNDA:1,(anonymous_4)
FNDA:0,(anonymous_5)
FNDA:0,(anonymous_6)
FNDA:0,(anonymous_7)
FNDA:0,(anonymous_8)
FNDA:0,(anonymous_9)
FNDA:1,(anonymous_10)
FNDA:1,(anonymous_11)
FNDA:1,(anonymous_12)
FNDA:1,(anonymous_13)
FNDA:1,(anonymous_14)
FNDA:1,(anonymous_15)
DA:22,1
DA:23,1
DA:24,1
DA:25,1
DA:26,1
DA:27,1
DA:28,2
DA:30,1
DA:31,1
DA:32,1
DA:33,1
DA:35,1
DA:38,1
DA:39,1
DA:41,1
DA:43,1
DA:44,1
DA:45,1
DA:46,1
DA:49,1
DA:50,1
DA:51,1
DA:52,1
DA:53,1
DA:54,1
DA:63,1
DA:64,1
DA:65,1
DA:75,1
DA:76,0
DA:77,0
DA:78,0
DA:88,1
DA:89,0
DA:90,0
DA:91,0
DA:92,0
DA:103,1
DA:104,0
DA:105,0
DA:106,0
DA:107,0
DA:108,0
DA:109,0
DA:110,0
DA:119,1
DA:120,1
DA:121,0
DA:122,0
DA:123,0
DA:124,0
DA:125,0
DA:134,1
DA:135,1
DA:136,1
DA:137,0
DA:138,1
DA:139,0
DA:150,1
DA:151,1
DA:152,1
DA:153,0
DA:154,0
DA:164,1
DA:165,1
DA:168,1
DA:169,1
DA:171,1
LF:68
LH:45
BRDA:78,0,0,0
BRDA:78,0,1,0
BRDA:91,1,0,0
BRDA:91,1,1,0
BRDA:120,2,0,0
BRDA:120,2,1,1
BRDA:136,3,0,0
BRDA:136,3,1,1
BRDA:136,4,0,1
BRDA:136,4,1,1
BRDA:138,5,0,0
BRDA:138,5,1,1
BRDA:138,6,0,1
BRDA:138,6,1,1
BRDA:152,7,0,0
BRDA:152,7,1,1
BRDA:165,8,0,0
BRDA:165,8,1,1
BRF:18
BRH:9
end_of_record
TN:
SF:/Users/akhan/Desktop/Develop/internet-banking-app/src/app/common/components/payments/confirm-payment/confirm-payment.component.ts
FN:27,(anonymous_0)
FN:49,ConfirmPaymentComponent
FN:58,(anonymous_2)
FN:70,(anonymous_3)
FN:71,(anonymous_4)
FN:82,(anonymous_5)
FN:83,(anonymous_6)
FN:97,(anonymous_7)
FN:115,(anonymous_8)
FN:132,(anonymous_9)
FN:134,(anonymous_10)
FN:150,(anonymous_11)
FN:154,(anonymous_12)
FN:170,(anonymous_13)
FN:173,(anonymous_14)
FN:187,(anonymous_15)
FN:197,(anonymous_16)
FN:207,(anonymous_17)
FN:209,(anonymous_18)
FN:221,(anonymous_19)
FN:223,(anonymous_20)
FN:235,(anonymous_21)
FN:296,(anonymous_22)
FN:302,(anonymous_23)
FN:304,(anonymous_24)
FN:315,(anonymous_25)
FNF:26
FNH:9
FNDA:1,(anonymous_0)
FNDA:2,ConfirmPaymentComponent
FNDA:2,(anonymous_2)
FNDA:2,(anonymous_3)
FNDA:2,(anonymous_4)
FNDA:2,(anonymous_5)
FNDA:2,(anonymous_6)
FNDA:2,(anonymous_7)
FNDA:0,(anonymous_8)
FNDA:0,(anonymous_9)
FNDA:0,(anonymous_10)
FNDA:0,(anonymous_11)
FNDA:0,(anonymous_12)
FNDA:0,(anonymous_13)
FNDA:0,(anonymous_14)
FNDA:0,(anonymous_15)
FNDA:0,(anonymous_16)
FNDA:0,(anonymous_17)
FNDA:0,(anonymous_18)
FNDA:0,(anonymous_19)
FNDA:0,(anonymous_20)
FNDA:0,(anonymous_21)
FNDA:0,(anonymous_22)
FNDA:0,(anonymous_23)
FNDA:0,(anonymous_24)
FNDA:2,(anonymous_25)
DA:27,1
DA:28,1
DA:31,2
DA:33,2
DA:36,2
DA:38,2
DA:40,2
DA:48,2
DA:50,2
DA:51,2
DA:52,2
DA:53,2
DA:54,2
DA:55,2
DA:58,1
DA:59,2
DA:60,2
DA:61,2
DA:70,2
DA:71,2
DA:72,2
DA:82,2
DA:83,2
DA:84,2
DA:85,0
DA:86,0
DA:97,1
DA:98,2
DA:99,2
DA:100,0
DA:101,2
DA:102,0
DA:103,0
DA:105,2
DA:115,1
DA:116,0
DA:117,0
DA:118,0
DA:120,0
DA:121,0
DA:122,0
DA:132,1
DA:133,0
DA:134,0
DA:135,0
DA:136,0
DA:137,0
DA:138,0
DA:139,0
DA:150,1
DA:152,0
DA:153,0
DA:155,0
DA:156,0
DA:157,0
DA:158,0
DA:159,0
DA:170,1
DA:171,0
DA:172,0
DA:173,0
DA:174,0
DA:175,0
DA:176,0
DA:177,0
DA:187,1
DA:188,0
DA:197,1
DA:198,0
DA:207,1
DA:208,0
DA:209,0
DA:211,0
DA:221,1
DA:222,0
DA:223,0
DA:225,0
DA:235,1
DA:236,0
DA:237,0
DA:238,0
DA:239,0
DA:240,0
DA:241,0
DA:242,0
DA:243,0
DA:244,0
DA:245,0
DA:247,0
DA:248,0
DA:249,0
DA:250,0
DA:252,0
DA:253,0
DA:255,0
DA:256,0
DA:257,0
DA:259,0
DA:260,0
DA:262,0
DA:264,0
DA:266,0
DA:267,0
DA:269,0
DA:271,0
DA:273,0
DA:275,0
DA:276,0
DA:277,0
DA:279,0
DA:280,0
DA:282,0
DA:284,0
DA:285,0
DA:286,0
DA:287,0
DA:296,1
DA:297,0
DA:298,0
DA:299,0
DA:300,0
DA:301,0
DA:302,0
DA:303,0
DA:304,0
DA:305,0
DA:309,0
DA:315,1
DA:316,2
DA:318,1
LF:130
LH:42
BRDA:84,0,0,0
BRDA:84,0,1,2
BRDA:98,1,0,0
BRDA:98,1,1,2
BRDA:99,2,0,0
BRDA:99,2,1,2
BRDA:101,3,0,0
BRDA:101,3,1,2
BRDA:118,4,0,0
BRDA:118,4,1,0
BRDA:118,5,0,0
BRDA:118,5,1,0
BRDA:121,6,0,0
BRDA:121,6,1,0
BRDA:135,7,0,0
BRDA:135,7,1,0
BRDA:155,8,0,0
BRDA:155,8,1,0
BRDA:208,9,0,0
BRDA:208,9,1,0
BRDA:208,10,0,0
BRDA:208,10,1,0
BRDA:222,11,0,0
BRDA:222,11,1,0
BRDA:222,12,0,0
BRDA:222,12,1,0
BRDA:254,13,0,0
BRDA:254,13,1,0
BRDA:261,14,0,0
BRDA:261,14,1,0
BRDA:263,15,0,0
BRDA:263,15,1,0
BRDA:268,16,0,0
BRDA:268,16,1,0
BRDA:269,17,0,0
BRDA:269,17,1,0
BRDA:269,18,0,0
BRDA:269,18,1,0
BRDA:269,18,2,0
BRDA:274,19,0,0
BRDA:274,19,1,0
BRDA:281,20,0,0
BRDA:281,20,1,0
BRDA:283,21,0,0
BRDA:283,21,1,0
BRDA:303,22,0,0
BRDA:303,22,1,0
BRF:47
BRH:4
end_of_record
TN:
SF:/Users/akhan/Desktop/Develop/internet-banking-app/src/app/common/components/payments/transfer-details/transfer-details.component.ts
FN:22,(anonymous_0)
FN:37,TransferDetailsComponent
FN:43,(anonymous_2)
FN:57,(anonymous_3)
FN:58,(anonymous_4)
FN:69,(anonymous_5)
FN:70,(anonymous_6)
FN:83,(anonymous_7)
FN:84,(anonymous_8)
FN:105,(anonymous_9)
FN:108,(anonymous_10)
FN:126,(anonymous_11)
FN:139,(anonymous_12)
FN:149,(anonymous_13)
FN:172,(anonymous_14)
FN:185,(anonymous_15)
FN:204,(anonymous_16)
FN:224,(anonymous_17)
FN:238,(anonymous_18)
FN:249,(anonymous_19)
FN:263,(anonymous_20)
FN:269,(anonymous_21)
FNF:22
FNH:13
FNDA:1,(anonymous_0)
FNDA:2,TransferDetailsComponent
FNDA:2,(anonymous_2)
FNDA:2,(anonymous_3)
FNDA:2,(anonymous_4)
FNDA:2,(anonymous_5)
FNDA:2,(anonymous_6)
FNDA:2,(anonymous_7)
FNDA:2,(anonymous_8)
FNDA:0,(anonymous_9)
FNDA:0,(anonymous_10)
FNDA:2,(anonymous_11)
FNDA:0,(anonymous_12)
FNDA:0,(anonymous_13)
FNDA:2,(anonymous_14)
FNDA:0,(anonymous_15)
FNDA:0,(anonymous_16)
FNDA:0,(anonymous_17)
FNDA:2,(anonymous_18)
FNDA:0,(anonymous_19)
FNDA:0,(anonymous_20)
FNDA:2,(anonymous_21)
DA:22,1
DA:23,1
DA:24,2
DA:25,2
DA:27,2
DA:29,2
DA:30,2
DA:31,2
DA:33,2
DA:34,2
DA:36,2
DA:38,2
DA:39,2
DA:40,2
DA:43,1
DA:44,2
DA:45,2
DA:46,2
DA:47,2
DA:48,2
DA:57,2
DA:58,2
DA:59,2
DA:69,2
DA:70,2
DA:71,2
DA:72,0
DA:83,2
DA:84,2
DA:85,2
DA:86,0
DA:87,0
DA:89,0
DA:90,0
DA:91,0
DA:93,0
DA:105,1
DA:106,0
DA:107,0
DA:109,0
DA:110,0
DA:111,0
DA:112,0
DA:113,0
DA:114,0
DA:126,1
DA:127,2
DA:139,1
DA:140,0
DA:149,1
DA:150,0
DA:152,0
DA:155,0
DA:156,0
DA:157,0
DA:158,0
DA:159,0
DA:160,0
DA:161,0
DA:162,0
DA:172,1
DA:173,2
DA:174,0
DA:175,0
DA:185,1
DA:186,0
DA:188,0
DA:189,0
DA:190,0
DA:191,0
DA:192,0
DA:194,0
DA:195,0
DA:204,1
DA:205,0
DA:206,0
DA:207,0
DA:209,0
DA:210,0
DA:213,0
DA:215,0
DA:224,1
DA:225,0
DA:229,0
DA:238,1
DA:239,2
DA:241,2
DA:249,1
DA:250,0
DA:253,0
DA:263,1
DA:264,0
DA:265,0
DA:269,1
DA:270,2
DA:272,1
LF:96
LH:47
BRDA:71,0,0,0
BRDA:71,0,1,2
BRDA:85,1,0,0
BRDA:85,1,1,2
BRDA:87,2,0,0
BRDA:87,2,1,0
BRDA:87,3,0,0
BRDA:87,3,1,0
BRDA:91,4,0,0
BRDA:91,4,1,0
BRDA:91,5,0,0
BRDA:91,5,1,0
BRDA:109,6,0,0
BRDA:109,6,1,0
BRDA:113,7,0,0
BRDA:113,7,1,0
BRDA:151,8,0,0
BRDA:151,8,1,0
BRDA:150,9,0,0
BRDA:150,9,1,0
BRDA:154,10,0,0
BRDA:154,10,1,0
BRDA:152,11,0,0
BRDA:152,11,1,0
BRDA:155,12,0,0
BRDA:155,12,1,0
BRDA:157,13,0,0
BRDA:157,13,1,0
BRDA:159,14,0,0
BRDA:159,14,1,0
BRDA:173,15,0,0
BRDA:173,15,1,2
BRDA:175,16,0,0
BRDA:175,16,1,0
BRDA:186,17,0,0
BRDA:186,17,1,0
BRDA:186,18,0,0
BRDA:186,18,1,0
BRDA:190,19,0,0
BRDA:190,19,1,0
BRDA:190,20,0,0
BRDA:190,20,1,0
BRDA:206,21,0,0
BRDA:206,21,1,0
BRDA:207,22,0,0
BRDA:207,22,1,0
BRDA:207,23,0,0
BRDA:207,23,1,0
BRDA:210,24,0,0
BRDA:210,24,1,0
BRDA:210,25,0,0
BRDA:210,25,1,0
BRDA:210,25,2,0
BRDA:225,26,0,0
BRDA:225,26,1,0
BRDA:225,27,0,0
BRDA:225,27,1,0
BRDA:225,27,2,0
BRDA:225,27,3,0
BRDA:240,28,0,0
BRDA:240,28,1,2
BRDA:250,29,0,0
BRDA:250,29,1,0
BRDA:250,30,0,0
BRDA:250,30,1,0
BRDA:250,30,2,0
BRDA:250,30,3,0
BRDA:264,31,0,0
BRDA:264,31,1,0
BRF:69
BRH:4
end_of_record
TN:
SF:/Users/akhan/Desktop/Develop/internet-banking-app/src/app/common/components/payments/transfer-from-step/transfer-from-step.component.ts
FN:19,(anonymous_0)
FN:35,TransferFromStepComponent
FN:40,(anonymous_2)
FN:53,(anonymous_3)
FN:54,(anonymous_4)
FN:65,(anonymous_5)
FN:74,(anonymous_6)
FN:97,(anonymous_7)
FN:101,(anonymous_8)
FN:120,(anonymous_9)
FN:140,(anonymous_10)
FN:155,(anonymous_11)
FN:179,(anonymous_12)
FN:190,(anonymous_13)
FN:193,(anonymous_14)
FN:196,(anonymous_15)
FNF:16
FNH:1
FNDA:1,(anonymous_0)
FNDA:0,TransferFromStepComponent
FNDA:0,(anonymous_2)
FNDA:0,(anonymous_3)
FNDA:0,(anonymous_4)
FNDA:0,(anonymous_5)
FNDA:0,(anonymous_6)
FNDA:0,(anonymous_7)
FNDA:0,(anonymous_8)
FNDA:0,(anonymous_9)
FNDA:0,(anonymous_10)
FNDA:0,(anonymous_11)
FNDA:0,(anonymous_12)
FNDA:0,(anonymous_13)
FNDA:0,(anonymous_14)
FNDA:0,(anonymous_15)
DA:19,1
DA:20,1
DA:21,1
DA:22,1
DA:24,0
DA:25,0
DA:26,0
DA:27,0
DA:28,0
DA:31,0
DA:32,0
DA:34,0
DA:36,0
DA:37,0
DA:38,0
DA:40,1
DA:41,0
DA:42,0
DA:43,0
DA:44,0
DA:53,1
DA:54,0
DA:55,0
DA:65,1
DA:66,0
DA:74,1
DA:75,0
DA:76,0
DA:77,0
DA:78,0
DA:79,0
DA:80,0
DA:81,0
DA:82,0
DA:83,0
DA:84,0
DA:86,0
DA:87,0
DA:88,0
DA:97,1
DA:98,0
DA:99,0
DA:100,0
DA:101,0
DA:102,0
DA:105,0
DA:106,0
DA:109,0
DA:120,1
DA:121,0
DA:122,0
DA:123,0
DA:124,0
DA:125,0
DA:127,0
DA:128,0
DA:129,0
DA:131,0
DA:140,1
DA:141,0
DA:142,0
DA:144,0
DA:145,0
DA:155,1
DA:156,0
DA:157,0
DA:158,0
DA:159,0
DA:160,0
DA:161,0
DA:162,0
DA:163,0
DA:164,0
DA:165,0
DA:166,0
DA:168,0
DA:169,0
DA:170,0
DA:179,1
DA:180,0
DA:181,0
DA:190,1
DA:191,0
DA:192,0
DA:193,0
DA:196,1
DA:197,0
DA:199,1
LF:88
LH:16
BRDA:81,0,0,0
BRDA:81,0,1,0
BRDA:81,1,0,0
BRDA:81,1,1,0
BRDA:98,2,0,0
BRDA:98,2,1,0
BRDA:100,3,0,0
BRDA:100,3,1,0
BRDA:102,4,0,0
BRDA:102,4,1,0
BRDA:102,5,0,0
BRDA:102,5,1,0
BRDA:102,5,2,0
BRDA:109,6,0,0
BRDA:109,6,1,0
BRDA:122,7,0,0
BRDA:122,7,1,0
BRDA:124,8,0,0
BRDA:124,8,1,0
BRDA:125,9,0,0
BRDA:125,9,1,0
BRDA:129,10,0,0
BRDA:129,10,1,0
BRDA:141,11,0,0
BRDA:141,11,1,0
BRDA:144,12,0,0
BRDA:144,12,1,0
BRDA:163,13,0,0
BRDA:163,13,1,0
BRDA:163,14,0,0
BRDA:163,14,1,0
BRDA:180,15,0,0
BRDA:180,15,1,0
BRDA:180,16,0,0
BRDA:180,16,1,0
BRDA:191,17,0,0
BRDA:191,17,1,0
BRF:37
BRH:0
end_of_record
TN:
SF:/Users/akhan/Desktop/Develop/internet-banking-app/src/app/common/components/payments/transfer-to-step/transfer-to-step.component.ts
FN:16,(anonymous_0)
FN:32,TransferToStepComponent
FN:38,(anonymous_2)
FN:49,(anonymous_3)
FN:50,(anonymous_4)
FN:61,(anonymous_5)
FN:71,(anonymous_6)
FN:76,(anonymous_7)
FN:89,(anonymous_8)
FN:102,(anonymous_9)
FN:113,(anonymous_10)
FN:123,(anonymous_11)
FN:135,(anonymous_12)
FN:137,(anonymous_13)
FN:145,(anonymous_14)
FN:156,(anonymous_15)
FN:160,(anonymous_16)
FN:164,(anonymous_17)
FN:169,(anonymous_18)
FN:173,(anonymous_19)
FN:192,(anonymous_20)
FN:204,(anonymous_21)
FN:206,(anonymous_22)
FN:212,(anonymous_23)
FNF:24
FNH:8
FNDA:1,(anonymous_0)
FNDA:1,TransferToStepComponent
FNDA:1,(anonymous_2)
FNDA:1,(anonymous_3)
FNDA:1,(anonymous_4)
FNDA:0,(anonymous_5)
FNDA:1,(anonymous_6)
FNDA:0,(anonymous_7)
FNDA:0,(anonymous_8)
FNDA:1,(anonymous_9)
FNDA:0,(anonymous_10)
FNDA:0,(anonymous_11)
FNDA:0,(anonymous_12)
FNDA:0,(anonymous_13)
FNDA:0,(anonymous_14)
FNDA:0,(anonymous_15)
FNDA:0,(anonymous_16)
FNDA:0,(anonymous_17)
FNDA:0,(anonymous_18)
FNDA:0,(anonymous_19)
FNDA:0,(anonymous_20)
FNDA:0,(anonymous_21)
FNDA:0,(anonymous_22)
FNDA:1,(anonymous_23)
DA:16,1
DA:17,1
DA:18,1
DA:19,1
DA:20,1
DA:22,1
DA:24,1
DA:25,1
DA:26,1
DA:27,1
DA:28,1
DA:31,1
DA:33,1
DA:34,1
DA:35,1
DA:38,1
DA:39,1
DA:40,1
DA:49,1
DA:50,1
DA:51,1
DA:61,1
DA:62,0
DA:71,1
DA:72,1
DA:73,0
DA:74,0
DA:76,1
DA:77,0
DA:78,0
DA:89,1
DA:90,0
DA:91,0
DA:92,0
DA:93,0
DA:102,1
DA:104,1
DA:113,1
DA:114,0
DA:123,1
DA:124,0
DA:125,0
DA:135,1
DA:136,0
DA:137,0
DA:138,0
DA:139,0
DA:140,0
DA:141,0
DA:145,0
DA:146,0
DA:156,1
DA:159,0
DA:160,0
DA:161,0
DA:164,0
DA:166,0
DA:169,0
DA:170,0
DA:173,0
DA:174,0
DA:176,0
DA:177,0
DA:192,1
DA:193,0
DA:194,0
DA:195,0
DA:204,1
DA:205,0
DA:206,0
DA:207,0
DA:209,0
DA:212,1
DA:213,1
DA:215,1
LF:75
LH:37
BRDA:72,0,0,0
BRDA:72,0,1,1
BRDA:72,1,0,1
BRDA:72,1,1,1
BRDA:124,2,0,0
BRDA:124,2,1,0
BRDA:136,3,0,0
BRDA:136,3,1,0
BRDA:138,4,0,0
BRDA:138,4,1,0
BRDA:146,5,0,0
BRDA:146,5,1,0
BRDA:146,6,0,0
BRDA:146,6,1,0
BRDA:165,7,0,0
BRDA:165,7,1,0
BRDA:176,8,0,0
BRDA:176,8,1,0
BRDA:193,9,0,0
BRDA:193,9,1,0
BRDA:209,10,0,0
BRDA:209,10,1,0
BRF:22
BRH:3
end_of_record
TN:
SF:/Users/akhan/Desktop/Develop/internet-banking-app/src/app/common/components/product-card/product-card.component.ts
FN:16,(anonymous_0)
FN:30,ProductCardComponent
FN:38,(anonymous_2)
FN:51,(anonymous_3)
FN:52,(anonymous_4)
FN:63,(anonymous_5)
FN:65,(anonymous_6)
FN:71,(anonymous_7)
FNF:8
FNH:6
FNDA:1,(anonymous_0)
FNDA:14,ProductCardComponent
FNDA:4,(anonymous_2)
FNDA:14,(anonymous_3)
FNDA:14,(anonymous_4)
FNDA:0,(anonymous_5)
FNDA:0,(anonymous_6)
FNDA:14,(anonymous_7)
DA:16,1
DA:17,15
DA:18,15
DA:20,15
DA:21,15
DA:22,14
DA:24,14
DA:25,14
DA:26,14
DA:27,14
DA:28,14
DA:30,14
DA:38,1
DA:39,4
DA:40,4
DA:41,4
DA:42,4
DA:51,14
DA:52,14
DA:53,14
DA:63,1
DA:64,0
DA:66,0
DA:71,1
DA:72,14
DA:74,1
LF:26
LH:24
BRDA:66,0,0,0
BRDA:66,0,1,0
BRF:2
BRH:0
[...]
DA:24,1
DA:28,1
DA:30,1
DA:31,1
DA:32,1
DA:33,1
DA:34,1
DA:35,1
DA:36,1
DA:45,1
DA:46,0
DA:47,0
DA:48,0
DA:58,1
DA:59,1
DA:60,1
DA:61,0
DA:62,0
DA:72,1
DA:73,0
DA:82,1
DA:83,0
DA:91,1
DA:92,0
DA:100,1
DA:101,0
DA:102,0
DA:103,0
DA:113,1
DA:114,1
DA:115,1
DA:116,0
DA:118,0
DA:119,0
DA:120,0
DA:121,0
DA:135,1
DA:136,1
DA:137,1
DA:141,1
DA:142,1
DA:144,1
LF:48
LH:32
BRDA:48,0,0,0
BRDA:48,0,1,0
BRDA:60,1,0,0
BRDA:60,1,1,1
BRDA:83,2,0,0
BRDA:83,2,1,0
BRDA:92,3,0,0
BRDA:92,3,1,0
BRDA:102,4,0,0
BRDA:102,4,1,0
BRDA:115,5,0,0
BRDA:115,5,1,1
BRDA:118,6,0,0
BRDA:118,6,1,0
BRDA:118,7,0,0
BRDA:118,7,1,0
BRF:16
BRH:2
end_of_record
TN:
SF:/Users/akhan/Desktop/Develop/internet-banking-app/src/app/modules/registration/components/card-details-step/card-details-step.component.ts
FN:19,(anonymous_0)
FN:25,CardDetailsStepComponent
FN:33,(anonymous_2)
FN:42,(anonymous_3)
FN:53,(anonymous_4)
FN:64,(anonymous_5)
FN:74,(anonymous_6)
FN:84,(anonymous_7)
FN:95,(anonymous_8)
FN:112,(anonymous_9)
FN:114,(anonymous_10)
FN:119,(anonymous_11)
FN:133,(anonymous_12)
FN:135,(anonymous_13)
FN:144,(anonymous_14)
FN:156,(anonymous_15)
FN:158,(anonymous_16)
FN:167,(anonymous_17)
FNF:18
FNH:5
FNDA:1,(anonymous_0)
FNDA:2,CardDetailsStepComponent
FNDA:2,(anonymous_2)
FNDA:0,(anonymous_3)
FNDA:0,(anonymous_4)
FNDA:4,(anonymous_5)
FNDA:0,(anonymous_6)
FNDA:0,(anonymous_7)
FNDA:0,(anonymous_8)
FNDA:0,(anonymous_9)
FNDA:0,(anonymous_10)
FNDA:0,(anonymous_11)
FNDA:0,(anonymous_12)
FNDA:0,(anonymous_13)
FNDA:0,(anonymous_14)
FNDA:0,(anonymous_15)
FNDA:0,(anonymous_16)
FNDA:2,(anonymous_17)
DA:19,1
DA:20,2
DA:22,2
DA:23,2
DA:24,2
DA:26,2
DA:27,2
DA:28,2
DA:29,2
DA:30,2
DA:31,2
DA:33,1
DA:42,1
DA:43,0
DA:44,0
DA:53,1
DA:54,0
DA:55,0
DA:64,1
DA:65,4
DA:74,1
DA:75,0
DA:84,1
DA:85,0
DA:86,0
DA:95,1
DA:96,0
DA:98,0
DA:99,0
DA:100,0
DA:112,1
DA:113,0
DA:114,0
DA:115,0
DA:116,0
DA:117,0
DA:120,0
DA:122,0
DA:123,0
DA:133,1
DA:134,0
DA:135,0
DA:136,0
DA:138,0
DA:140,0
DA:141,0
DA:145,0
DA:156,1
DA:157,0
DA:159,0
DA:160,0
DA:161,0
DA:162,0
DA:167,1
DA:168,2
DA:169,2
DA:170,2
DA:171,2
DA:174,1
LF:59
LH:28
BRDA:44,0,0,0
BRDA:44,0,1,0
BRDA:55,1,0,0
BRDA:55,1,1,0
BRDA:65,2,0,0
BRDA:65,2,1,4
BRDA:65,3,0,4
BRDA:65,3,1,0
BRDA:98,4,0,0
BRDA:98,4,1,0
BRDA:98,5,0,0
BRDA:98,5,1,0
BRDA:99,6,0,0
BRDA:99,6,1,0
BRDA:99,7,0,0
BRDA:99,7,1,0
BRDA:112,8,0,0
BRDA:112,8,1,0
BRDA:113,9,0,0
BRDA:113,9,1,0
BRDA:113,10,0,0
BRDA:113,10,1,0
BRDA:115,11,0,0
BRDA:115,11,1,0
BRDA:120,12,0,0
BRDA:120,12,1,0
BRDA:120,13,0,0
BRDA:120,13,1,0
BRDA:120,13,2,0
BRDA:120,13,3,0
BRDA:123,14,0,0
BRDA:123,14,1,0
BRDA:123,15,0,0
BRDA:123,15,1,0
BRDA:134,16,0,0
BRDA:134,16,1,0
BRDA:136,17,0,0
BRDA:136,17,1,0
BRDA:145,18,0,0
BRDA:145,18,1,0
BRDA:145,19,0,0
BRDA:145,19,1,0
BRDA:159,20,0,0
BRDA:159,20,1,0
BRDA:161,21,0,0
BRDA:161,21,1,0
BRF:46
BRH:2
end_of_record
TN:
SF:/Users/akhan/Desktop/Develop/internet-banking-app/src/app/modules/registration/components/otp-step/otp-step.component.ts
FN:16,(anonymous_0)
FN:22,OtpStepComponent
FN:28,(anonymous_2)
FN:38,(anonymous_3)
FN:39,(anonymous_4)
FN:50,(anonymous_5)
FN:63,(anonymous_6)
FN:65,(anonymous_7)
FN:82,(anonymous_8)
FN:111,(anonymous_9)
FN:121,(anonymous_10)
FN:126,(anonymous_11)
FNF:12
FNH:6
FNDA:1,(anonymous_0)
FNDA:2,OtpStepComponent
FNDA:2,(anonymous_2)
FNDA:2,(anonymous_3)
FNDA:2,(anonymous_4)
FNDA:0,(anonymous_5)
FNDA:0,(anonymous_6)
FNDA:0,(anonymous_7)
FNDA:0,(anonymous_8)
FNDA:0,(anonymous_9)
FNDA:0,(anonymous_10)
FNDA:2,(anonymous_11)
DA:16,1
DA:17,2
DA:19,2
DA:20,2
DA:23,2
DA:24,2
DA:25,2
DA:26,2
DA:28,1
DA:29,2
DA:38,2
DA:39,2
DA:40,2
DA:50,1
DA:52,0
DA:53,0
DA:63,1
DA:64,0
DA:65,0
DA:66,0
DA:68,0
DA:70,0
DA:82,1
DA:83,0
DA:85,0
DA:86,0
DA:87,0
DA:90,0
DA:91,0
DA:92,0
DA:93,0
DA:96,0
DA:97,0
DA:98,0
DA:99,0
DA:100,0
DA:101,0
DA:111,1
DA:112,0
DA:121,1
DA:123,0
DA:126,1
DA:127,2
DA:129,1
LF:44
LH:21
BRDA:40,0,0,0
BRDA:40,0,1,2
BRDA:52,1,0,0
BRDA:52,1,1,0
BRDA:64,2,0,0
BRDA:64,2,1,0
BRDA:66,3,0,0
BRDA:66,3,1,0
BRDA:83,4,0,0
BRDA:83,4,1,0
BRDA:83,5,0,0
BRDA:83,5,1,0
BRDA:87,6,0,0
BRDA:87,6,1,0
BRDA:87,7,0,0
BRDA:87,7,1,0
BRDA:87,7,2,0
BRDA:87,7,3,0
BRDA:93,8,0,0
BRDA:93,8,1,0
BRDA:93,9,0,0
BRDA:93,9,1,0
BRDA:93,9,2,0
BRDA:123,10,0,0
BRDA:123,10,1,0
BRF:25
BRH:1
end_of_record
TN:
SF:/Users/akhan/Desktop/Develop/internet-banking-app/src/app/modules/registration/components/password-step/password-step.component.ts
FN:25,(anonymous_0)
FN:44,PasswordStepComponent
FN:50,(anonymous_2)
FN:62,(anonymous_3)
FN:63,(anonymous_4)
FN:74,(anonymous_5)
FN:94,(anonymous_6)
FN:116,(anonymous_7)
FN:138,(anonymous_8)
FN:149,(anonymous_9)
FN:160,(anonymous_10)
FN:163,(anonymous_11)
FN:179,(anonymous_12)
FN:190,(anonymous_13)
FN:201,(anonymous_14)
FN:203,(anonymous_15)
FN:214,(anonymous_16)
FN:229,(anonymous_17)
FN:230,(anonymous_18)
FN:235,(anonymous_19)
FNF:20
FNH:12
FNDA:1,(anonymous_0)
FNDA:6,PasswordStepComponent
FNDA:6,(anonymous_2)
FNDA:6,(anonymous_3)
FNDA:6,(anonymous_4)
FNDA:7,(anonymous_5)
FNDA:1,(anonymous_6)
FNDA:2,(anonymous_7)
FNDA:1,(anonymous_8)
FNDA:0,(anonymous_9)
FNDA:0,(anonymous_10)
FNDA:0,(anonymous_11)
FNDA:0,(anonymous_12)
FNDA:0,(anonymous_13)
FNDA:0,(anonymous_14)
FNDA:0,(anonymous_15)
FNDA:0,(anonymous_16)
FNDA:6,(anonymous_17)
FNDA:6,(anonymous_18)
FNDA:6,(anonymous_19)
DA:25,1
DA:26,6
DA:27,7
DA:36,6
DA:38,6
DA:39,6
DA:40,6
DA:43,6
DA:45,6
DA:46,6
DA:47,6
DA:48,6
DA:50,1
DA:51,6
DA:52,6
DA:53,6
DA:62,6
DA:63,6
DA:64,6
DA:74,1
DA:75,7
DA:76,7
DA:84,7
DA:85,7
DA:94,1
DA:95,1
DA:96,1
DA:97,1
DA:98,1
DA:99,1
DA:100,1
DA:101,1
DA:102,1
DA:107,1
DA:116,1
DA:117,2
DA:118,0
DA:119,0
DA:120,0
DA:121,0
DA:126,0
DA:127,0
DA:138,1
DA:139,1
DA:140,1
DA:149,1
DA:150,0
DA:151,0
DA:160,1
DA:161,0
DA:162,0
DA:163,0
DA:164,0
DA:165,0
DA:166,0
DA:168,0
DA:179,1
DA:180,0
DA:190,1
DA:191,0
DA:192,0
DA:201,1
DA:202,0
DA:204,0
DA:205,0
DA:206,0
DA:207,0
DA:208,0
DA:209,0
DA:210,0
DA:215,0
DA:216,0
DA:217,0
DA:229,6
DA:230,6
DA:231,6
DA:235,1
DA:236,6
DA:238,1
LF:79
LH:50
BRDA:64,0,0,0
BRDA:64,0,1,6
BRDA:64,1,0,0
BRDA:64,1,1,0
BRDA:96,2,0,0
BRDA:96,2,1,1
BRDA:97,3,0,0
BRDA:97,3,1,1
BRDA:98,4,0,0
BRDA:98,4,1,1
BRDA:99,5,0,0
BRDA:99,5,1,1
BRDA:101,6,0,1
BRDA:101,6,1,0
BRDA:101,7,0,1
BRDA:101,7,1,0
BRDA:117,8,0,0
BRDA:117,8,1,2
BRDA:117,9,0,2
BRDA:117,9,1,0
BRDA:120,10,0,0
BRDA:120,10,1,0
BRDA:140,11,0,0
BRDA:140,11,1,1
BRDA:164,12,0,0
BRDA:164,12,1,0
BRDA:166,13,0,0
BRDA:166,13,1,0
BRDA:204,14,0,0
BRDA:204,14,1,0
BRDA:204,15,0,0
BRDA:204,15,1,0
BRDA:206,16,0,0
BRDA:206,16,1,0
BRDA:206,17,0,0
BRDA:206,17,1,0
BRDA:208,18,0,0
BRDA:208,18,1,0
BRDA:215,19,0,0
BRDA:215,19,1,0
BRDA:215,20,0,0
BRDA:215,20,1,0
BRF:42
BRH:10
end_of_record
TN:
SF:/Users/akhan/Desktop/Develop/internet-banking-app/src/app/modules/registration/components/username-step/username-step.component.ts
FN:16,(anonymous_0)
FN:29,UsernameStepComponent
FN:36,(anonymous_2)
FN:48,(anonymous_3)
FN:49,(anonymous_4)
FN:64,(anonymous_5)
FN:78,(anonymous_6)
FN:100,(anonymous_7)
FN:110,(anonymous_8)
FN:121,(anonymous_9)
FN:125,(anonymous_10)
FN:136,(anonymous_11)
FN:149,(anonymous_12)
FN:165,(anonymous_13)
FN:166,(anonymous_14)
FN:179,(anonymous_15)
FN:180,(anonymous_16)
FN:185,(anonymous_17)
FNF:18
FNH:10
FNDA:1,(anonymous_0)
FNDA:4,UsernameStepComponent
FNDA:4,(anonymous_2)
FNDA:4,(anonymous_3)
FNDA:4,(anonymous_4)
FNDA:5,(anonymous_5)
FNDA:1,(anonymous_6)
FNDA:0,(anonymous_7)
FNDA:0,(anonymous_8)
FNDA:0,(anonymous_9)
FNDA:0,(anonymous_10)
FNDA:0,(anonymous_11)
FNDA:0,(anonymous_12)
FNDA:0,(anonymous_13)
FNDA:0,(anonymous_14)
FNDA:4,(anonymous_15)
FNDA:4,(anonymous_16)
FNDA:4,(anonymous_17)
DA:16,1
DA:17,4
DA:22,4
DA:24,4
DA:25,4
DA:27,4
DA:30,4
DA:31,4
DA:32,4
DA:33,4
DA:34,4
DA:36,1
DA:37,4
DA:38,4
DA:39,4
DA:48,4
DA:49,4
DA:50,4
DA:51,0
DA:52,0
DA:64,1
DA:65,5
DA:66,5
DA:69,5
DA:78,1
DA:79,1
DA:80,1
DA:81,0
DA:82,0
DA:83,0
DA:85,0
DA:86,0
DA:88,0
DA:89,0
DA:100,1
DA:101,0
DA:110,1
DA:111,0
DA:112,0
DA:121,1
DA:122,0
DA:123,0
DA:124,0
DA:125,0
DA:126,0
DA:127,0
DA:128,0
DA:129,0
DA:130,0
DA:131,0
DA:132,0
DA:133,0
DA:134,0
DA:137,0
DA:138,0
DA:149,1
DA:150,0
DA:151,0
DA:152,0
DA:153,0
DA:155,0
DA:165,1
DA:166,0
DA:167,0
DA:168,0
DA:179,4
DA:180,4
DA:181,4
DA:185,1
DA:186,4
DA:188,1
LF:71
LH:36
BRDA:50,0,0,0
BRDA:50,0,1,4
BRDA:52,1,0,0
BRDA:52,1,1,0
BRDA:80,2,0,0
BRDA:80,2,1,1
BRDA:81,3,0,0
BRDA:81,3,1,0
BRDA:88,4,0,0
BRDA:88,4,1,0
BRDA:126,5,0,0
BRDA:126,5,1,0
BRDA:126,6,0,0
BRDA:126,6,1,0
BRDA:131,7,0,0
BRDA:131,7,1,0
BRDA:131,8,0,0
BRDA:131,8,1,0
BRDA:137,9,0,0
BRDA:137,9,1,0
BRDA:137,10,0,0
BRDA:137,10,1,0
BRDA:150,11,0,0
BRDA:150,11,1,0
BRDA:150,12,0,0
BRDA:150,12,1,0
BRDA:152,13,0,0
BRDA:152,13,1,0
BRDA:152,14,0,0
BRDA:152,14,1,0
BRDA:167,15,0,0
BRDA:167,15,1,0
BRDA:167,16,0,0
BRDA:167,16,1,0
BRDA:167,16,2,0
BRF:35
BRH:2
end_of_record
TN:
SF:/Users/akhan/Desktop/Develop/internet-banking-app/src/app/modules/registration/services/registration.service.ts
FN:17,(anonymous_0)
FN:35,RegistrationService
FN:47,(anonymous_2)
FN:57,(anonymous_3)
FN:69,(anonymous_4)
FN:88,(anonymous_5)
FN:94,(anonymous_6)
FN:103,(anonymous_7)
FN:107,(anonymous_8)
FN:118,(anonymous_9)
FN:128,(anonymous_10)
FN:132,(anonymous_11)
FN:143,(anonymous_12)
FN:153,(anonymous_13)
FN:160,(anonymous_14)
FN:170,(anonymous_15)
FN:176,(anonymous_16)
FNF:17
FNH:2
FNDA:1,(anonymous_0)
FNDA:16,RegistrationService
FNDA:0,(anonymous_2)
FNDA:0,(anonymous_3)
FNDA:0,(anonymous_4)
FNDA:0,(anonymous_5)
FNDA:0,(anonymous_6)
FNDA:0,(anonymous_7)
FNDA:0,(anonymous_8)
FNDA:0,(anonymous_9)
FNDA:0,(anonymous_10)
FNDA:0,(anonymous_11)
FNDA:0,(anonymous_12)
FNDA:0,(anonymous_13)
FNDA:0,(anonymous_14)
FNDA:0,(anonymous_15)
FNDA:0,(anonymous_16)
DA:17,1
DA:18,16
DA:23,16
DA:24,16
DA:25,16
DA:27,16
DA:28,16
DA:29,16
DA:30,16
DA:31,16
DA:32,16
DA:33,16
DA:34,16
DA:36,16
DA:37,16
DA:38,16
DA:47,1
DA:48,0
DA:57,1
DA:60,0
DA:69,1
DA:71,0
DA:72,0
DA:77,0
DA:78,0
DA:79,0
DA:88,1
DA:89,0
DA:90,0
DA:92,0
DA:93,0
DA:94,0
DA:103,1
DA:104,0
DA:107,0
DA:108,0
DA:109,0
DA:110,0
DA:114,0
DA:116,0
DA:117,0
DA:118,0
DA:128,1
DA:129,0
DA:132,0
DA:133,0
DA:134,0
DA:135,0
DA:139,0
DA:141,0
DA:142,0
DA:143,0
DA:153,1
DA:154,0
DA:155,0
DA:156,0
DA:158,0
DA:159,0
DA:160,0
DA:170,1
DA:171,0
DA:172,0
DA:173,0
DA:176,1
DA:177,0
DA:179,1
LF:66
LH:26
BRDA:69,0,0,0
BRDA:69,0,1,0
BRDA:94,1,0,0
BRDA:94,1,1,0
BRDA:108,2,0,0
BRDA:108,2,1,0
BRDA:114,3,0,0
BRDA:114,3,1,0
BRDA:118,4,0,0
BRDA:118,4,1,0
BRDA:133,5,0,0
BRDA:133,5,1,0
BRDA:139,6,0,0
BRDA:139,6,1,0
BRDA:143,7,0,0
BRDA:143,7,1,0
BRDA:156,8,0,0
BRDA:156,8,1,0
BRDA:160,9,0,0
BRDA:160,9,1,0
BRF:20
BRH:0
end_of_record
TN:
SF:/Users/akhan/Desktop/Develop/internet-banking-app/src/app/modules/transfers-payments/transfers-payments-module.constants.ts
FNF:0
FNH:0
DA:1,1
DA:8,1
DA:16,1
DA:21,1
DA:25,1
DA:29,1
DA:33,1
DA:41,1
DA:46,1
DA:56,1
DA:63,1
LF:11
LH:11
BRF:0
BRH:0
end_of_record
TN:
SF:/Users/akhan/Desktop/Develop/internet-banking-app/src/app/modules/transfers-payments/components/transfers-payments.component.ts
FN:31,(anonymous_0)
FN:58,TransfersPaymentsComponent
FN:66,(anonymous_2)
FN:78,(anonymous_3)
FN:91,(anonymous_4)
FN:102,(anonymous_5)
FN:114,(anonymous_6)
FN:126,(anonymous_7)
FN:128,(anonymous_8)
FN:147,(anonymous_9)
FN:149,(anonymous_10)
FN:152,(anonymous_11)
FN:166,(anonymous_12)
FN:178,(anonymous_13)
FN:190,(anonymous_14)
FN:210,(anonymous_15)
FN:224,(anonymous_16)
FN:242,(anonymous_17)
FN:267,(anonymous_18)
FN:282,(anonymous_19)
FN:283,(anonymous_20)
FN:297,(anonymous_21)
FN:310,(anonymous_22)
FN:311,(anonymous_23)
FN:316,(anonymous_24)
FNF:25
FNH:10
FNDA:1,(anonymous_0)
FNDA:1,TransfersPaymentsComponent
FNDA:1,(anonymous_2)
FNDA:0,(anonymous_3)
FNDA:1,(anonymous_4)
FNDA:0,(anonymous_5)
FNDA:0,(anonymous_6)
FNDA:1,(anonymous_7)
FNDA:0,(anonymous_8)
FNDA:1,(anonymous_9)
FNDA:0,(anonymous_10)
FNDA:0,(anonymous_11)
FNDA:0,(anonymous_12)
FNDA:0,(anonymous_13)
FNDA:0,(anonymous_14)
FNDA:0,(anonymous_15)
FNDA:0,(anonymous_16)
FNDA:0,(anonymous_17)
FNDA:0,(anonymous_18)
FNDA:1,(anonymous_19)
FNDA:0,(anonymous_20)
FNDA:0,(anonymous_21)
FNDA:1,(anonymous_22)
FNDA:1,(anonymous_23)
FNDA:1,(anonymous_24)
DA:31,1
DA:32,1
DA:33,1
DA:34,1
DA:35,1
DA:43,1
DA:44,1
DA:46,1
DA:47,1
DA:56,1
DA:59,1
DA:60,1
DA:61,1
DA:62,1
DA:63,1
DA:64,1
DA:66,1
DA:67,1
DA:68,1
DA:69,1
DA:78,1
DA:79,0
DA:80,0
DA:81,0
DA:82,0
DA:91,1
DA:92,1
DA:93,1
DA:102,1
DA:103,0
DA:104,0
DA:105,0
DA:114,1
DA:115,0
DA:116,0
DA:117,0
DA:126,1
DA:127,1
DA:128,1
DA:129,0
DA:130,0
DA:132,0
DA:133,0
DA:134,0
DA:135,0
DA:147,1
DA:148,1
DA:149,1
DA:150,0
DA:151,0
DA:152,0
DA:153,0
DA:154,0
DA:155,0
DA:166,1
DA:167,0
DA:168,0
DA:178,1
DA:179,0
DA:180,0
DA:190,1
DA:191,0
DA:192,0
DA:193,0
DA:194,0
DA:195,0
DA:196,0
DA:197,0
DA:198,0
DA:199,0
DA:200,0
DA:210,1
DA:211,0
DA:212,0
DA:213,0
DA:214,0
DA:215,0
DA:224,1
DA:225,0
DA:226,0
DA:227,0
DA:228,0
DA:229,0
DA:230,0
DA:231,0
DA:232,0
DA:242,1
DA:244,0
DA:245,0
DA:246,0
DA:247,0
DA:248,0
DA:249,0
DA:250,0
DA:251,0
DA:252,0
DA:253,0
DA:254,0
DA:255,0
DA:256,0
DA:257,0
DA:267,1
DA:268,0
DA:269,0
DA:270,0
DA:271,0
DA:272,0
DA:273,0
DA:282,1
DA:283,1
DA:284,0
DA:285,0
DA:286,0
DA:287,0
DA:297,1
DA:298,0
DA:310,1
DA:311,1
DA:312,1
DA:316,1
DA:317,1
DA:319,1
LF:122
LH:48
BRDA:92,0,0,0
BRDA:92,0,1,1
BRDA:93,1,0,0
BRDA:93,1,1,1
BRDA:131,2,0,0
BRDA:131,2,1,0
BRDA:130,3,0,0
BRDA:130,3,1,0
BRDA:130,3,2,0
BRDA:132,4,0,0
BRDA:132,4,1,0
BRDA:134,5,0,0
BRDA:134,5,1,0
BRDA:135,6,0,0
BRDA:135,6,1,0
BRDA:154,7,0,0
BRDA:154,7,1,0
BRDA:155,8,0,0
BRDA:155,8,1,0
BRDA:167,9,0,0
BRDA:167,9,1,0
BRDA:179,10,0,0
BRDA:179,10,1,0
BRDA:192,11,0,0
BRDA:192,11,1,0
BRDA:192,12,0,0
BRDA:192,12,1,0
BRDA:197,13,0,0
BRDA:197,13,1,0
BRDA:197,14,0,0
BRDA:197,14,1,0
BRDA:227,15,0,0
BRDA:227,15,1,0
BRDA:229,16,0,0
BRDA:229,16,1,0
BRDA:231,17,0,0
BRDA:231,17,1,0
BRDA:248,18,0,0
BRDA:248,18,1,0
BRDA:248,19,0,0
BRDA:248,19,1,0
BRDA:248,19,2,0
BRDA:248,19,3,0
BRDA:253,20,0,0
BRDA:253,20,1,0
BRDA:253,21,0,0
BRDA:253,21,1,0
BRDA:284,22,0,0
BRDA:284,22,1,0
BRDA:300,23,0,0
BRDA:300,23,1,0
BRDA:298,24,0,0
BRDA:298,24,1,0
BRF:53
BRH:2
end_of_record
TN:
SF:/Users/akhan/Desktop/Develop/internet-banking-app/src/app/modules/transfers-payments/components/beneficiary-list/beneficiary-list.component.ts
FN:36,(anonymous_0)
FN:62,BenificiaryListComponent
FN:73,(anonymous_2)
FN:77,(anonymous_3)
FN:84,(anonymous_4)
FN:94,(anonymous_5)
FN:106,(anonymous_6)
FN:118,(anonymous_7)
FN:130,(anonymous_8)
FN:153,(anonymous_9)
FN:159,(anonymous_10)
FN:170,(anonymous_11)
FN:182,(anonymous_12)
FN:193,(anonymous_13)
FN:204,(anonymous_14)
FN:214,(anonymous_15)
FN:220,(anonymous_16)
FN:222,(anonymous_17)
FN:242,(anonymous_18)
FN:252,(anonymous_19)
FN:264,(anonymous_20)
FN:265,(anonymous_21)
FN:270,(anonymous_22)
FNF:23
FNH:10
FNDA:1,(anonymous_0)
FNDA:2,BenificiaryListComponent
FNDA:2,(anonymous_2)
FNDA:1,(anonymous_3)
FNDA:2,(anonymous_4)
FNDA:0,(anonymous_5)
FNDA:2,(anonymous_6)
FNDA:2,(anonymous_7)
FNDA:0,(anonymous_8)
FNDA:0,(anonymous_9)
FNDA:0,(anonymous_10)
FNDA:0,(anonymous_11)
FNDA:0,(anonymous_12)
FNDA:0,(anonymous_13)
FNDA:0,(anonymous_14)
FNDA:0,(anonymous_15)
FNDA:0,(anonymous_16)
FNDA:0,(anonymous_17)
FNDA:0,(anonymous_18)
FNDA:0,(anonymous_19)
FNDA:2,(anonymous_20)
FNDA:2,(anonymous_21)
FNDA:2,(anonymous_22)
DA:36,1
DA:37,2
DA:38,1
DA:39,3
DA:40,1
DA:41,1
DA:42,1
DA:43,3
DA:44,3
DA:46,2
DA:48,2
DA:55,2
DA:56,2
DA:57,2
DA:58,2
DA:60,2
DA:61,2
DA:63,2
DA:64,2
DA:65,2
DA:66,2
DA:67,2
DA:68,2
DA:69,2
DA:70,2
DA:73,1
DA:74,2
DA:77,1
DA:78,1
DA:79,0
DA:84,1
DA:85,2
DA:94,1
DA:95,0
DA:96,0
DA:106,1
DA:107,2
DA:108,2
DA:118,1
DA:119,2
DA:121,0
DA:130,1
DA:131,0
DA:132,0
DA:133,0
DA:134,0
DA:135,0
DA:137,0
DA:138,0
DA:140,0
DA:141,0
DA:143,0
DA:153,1
DA:154,0
DA:156,0
DA:157,0
DA:160,0
DA:170,1
DA:171,0
DA:172,0
DA:173,0
DA:182,1
DA:183,0
DA:184,0
DA:193,1
DA:194,0
DA:195,0
DA:204,1
DA:205,0
DA:214,1
DA:215,0
DA:216,0
DA:218,0
DA:219,0
DA:220,0
DA:221,0
DA:222,0
DA:223,0
DA:224,0
DA:225,0
DA:227,0
DA:242,1
DA:243,0
DA:252,1
DA:253,0
DA:254,0
DA:255,0
DA:264,2
DA:265,2
DA:266,2
DA:270,1
DA:271,2
DA:273,1
LF:93
LH:52
BRDA:78,0,0,0
BRDA:78,0,1,1
BRDA:78,1,0,1
BRDA:78,1,1,1
BRDA:78,1,2,1
BRDA:95,2,0,0
BRDA:95,2,1,0
BRDA:119,3,0,0
BRDA:119,3,1,2
BRDA:119,4,0,2
BRDA:119,4,1,0
BRDA:131,5,0,0
BRDA:131,5,1,0
BRDA:135,6,0,0
BRDA:135,6,1,0
BRDA:135,7,0,0
BRDA:135,7,1,0
BRDA:137,8,0,0
BRDA:137,8,1,0
BRDA:140,9,0,0
BRDA:140,9,1,0
BRDA:215,10,0,0
BRDA:215,10,1,0
BRDA:221,11,0,0
BRDA:221,11,1,0
BRF:25
BRH:6
end_of_record
TN:
SF:/Users/akhan/Desktop/Develop/internet-banking-app/src/app/modules/transfers-payments/components/payee-list/payee-list.component.ts
FN:38,(anonymous_0)
FN:66,PayeeListComponent
FN:75,(anonymous_2)
FN:79,(anonymous_3)
FN:85,(anonymous_4)
FN:95,(anonymous_5)
FN:109,(anonymous_6)
FN:120,(anonymous_7)
FN:131,(anonymous_8)
FN:154,(anonymous_9)
FN:158,(anonymous_10)
FN:169,(anonymous_11)
FN:181,(anonymous_12)
FN:193,(anonymous_13)
FN:204,(anonymous_14)
FN:208,(anonymous_15)
FN:212,(anonymous_16)
FN:227,(anonymous_17)
FN:239,(anonymous_18)
FN:241,(anonymous_19)
FN:258,(anonymous_20)
FN:267,(anonymous_21)
FN:277,(anonymous_22)
FN:278,(anonymous_23)
FN:283,(anonymous_24)
FNF:25
FNH:10
FNDA:1,(anonymous_0)
FNDA:1,PayeeListComponent
FNDA:1,(anonymous_2)
FNDA:1,(anonymous_3)
FNDA:1,(anonymous_4)
FNDA:0,(anonymous_5)
FNDA:1,(anonymous_6)
FNDA:1,(anonymous_7)
FNDA:0,(anonymous_8)
FNDA:0,(anonymous_9)
FNDA:0,(anonymous_10)
FNDA:0,(anonymous_11)
FNDA:0,(anonymous_12)
FNDA:0,(anonymous_13)
FNDA:0,(anonymous_14)
FNDA:0,(anonymous_15)
FNDA:0,(anonymous_16)
FNDA:0,(anonymous_17)
FNDA:0,(anonymous_18)
FNDA:0,(anonymous_19)
FNDA:0,(anonymous_20)
FNDA:0,(anonymous_21)
FNDA:1,(anonymous_22)
FNDA:1,(anonymous_23)
FNDA:1,(anonymous_24)
DA:38,1
DA:40,1
DA:41,1
DA:42,1
DA:43,1
DA:44,2
DA:45,1
DA:46,2
DA:47,2
DA:48,1
DA:57,1
DA:58,1
DA:59,1
DA:60,1
DA:61,1
DA:62,1
DA:63,1
DA:64,1
DA:67,1
DA:68,1
DA:69,1
DA:70,1
DA:71,1
DA:72,1
DA:73,1
DA:75,1
DA:76,1
DA:79,1
DA:80,1
DA:81,0
DA:85,1
DA:86,1
DA:95,1
DA:96,0
DA:97,0
DA:98,0
DA:99,0
DA:109,1
DA:110,1
DA:111,1
DA:120,1
DA:121,1
DA:122,0
DA:131,1
DA:132,0
DA:133,0
DA:134,0
DA:135,0
DA:136,0
DA:138,0
DA:139,0
DA:141,0
DA:142,0
DA:144,0
DA:154,1
DA:155,0
DA:157,0
DA:159,0
DA:169,1
DA:170,0
DA:171,0
DA:172,0
DA:181,1
DA:182,0
DA:183,0
DA:193,1
DA:194,0
DA:195,0
DA:204,1
DA:206,0
DA:207,0
DA:208,0
DA:209,0
DA:210,0
DA:212,0
DA:213,0
DA:214,0
DA:215,0
DA:216,0
DA:227,1
DA:228,0
DA:236,0
DA:237,0
DA:239,0
DA:240,0
DA:241,0
DA:242,0
DA:243,0
DA:244,0
DA:245,0
DA:246,0
DA:258,1
DA:259,0
DA:267,1
DA:268,0
DA:277,1
DA:278,1
DA:279,1
DA:283,1
DA:284,1
DA:286,1
LF:101
LH:52
BRDA:80,0,0,0
BRDA:80,0,1,1
BRDA:80,1,0,1
BRDA:80,1,1,1
BRDA:80,1,2,1
BRDA:96,2,0,0
BRDA:96,2,1,0
BRDA:98,3,0,0
BRDA:98,3,1,0
BRDA:121,4,0,0
BRDA:121,4,1,1
BRDA:132,5,0,0
BRDA:132,5,1,0
BRDA:136,6,0,0
BRDA:136,6,1,0
BRDA:136,7,0,0
BRDA:136,7,1,0
BRDA:138,8,0,0
BRDA:138,8,1,0
BRDA:141,9,0,0
BRDA:141,9,1,0
BRDA:209,10,0,0
BRDA:209,10,1,0
BRDA:240,11,0,0
BRDA:240,11,1,0
BRF:25
BRH:5
end_of_record
TN:
SF:/Users/akhan/Desktop/Develop/internet-banking-app/src/app/modules/transfers-payments/services/transfers-payments.service.ts
FN:19,(anonymous_0)
FN:20,TransfersPaymentsService
FN:30,(anonymous_2)
FN:40,(anonymous_3)
FN:50,(anonymous_4)
FN:60,(anonymous_5)
FN:62,(anonymous_6)
FN:65,(anonymous_7)
FN:81,(anonymous_8)
FN:91,(anonymous_9)
FN:102,(anonymous_10)
FNF:11
FNH:4
FNDA:1,(anonymous_0)
FNDA:3,TransfersPaymentsService
FNDA:2,(anonymous_2)
FNDA:0,(anonymous_3)
FNDA:0,(anonymous_4)
FNDA:0,(anonymous_5)
FNDA:0,(anonymous_6)
FNDA:0,(anonymous_7)
FNDA:0,(anonymous_8)
FNDA:0,(anonymous_9)
FNDA:1,(anonymous_10)
DA:19,1
DA:21,3
DA:22,3
DA:30,1
DA:31,2
DA:40,1
DA:41,0
DA:50,1
DA:51,0
DA:60,1
DA:61,0
DA:62,0
DA:63,0
DA:64,0
DA:65,0
DA:66,0
DA:67,0
DA:68,0
DA:70,0
DA:81,1
DA:82,0
DA:91,1
DA:92,0
DA:102,1
DA:103,1
DA:104,1
DA:106,1
LF:27
LH:14
BRDA:51,0,0,0
BRDA:51,0,1,0
BRDA:61,1,0,0
BRDA:61,1,1,0
BRDA:62,2,0,0
BRDA:62,2,1,0
BRDA:63,3,0,0
BRDA:63,3,1,0
BRDA:65,4,0,0
BRDA:65,4,1,0
BRF:10
BRH:0
end_of_record
TN:
SF:/Users/akhan/Desktop/Develop/internet-banking-app/src/environments/environment.ts
FNF:0
FNH:0
DA:1,1
LF:1
LH:1
BRF:0
BRH:0
end_of_record
